2017-11-28 10:05:41.266 [main] INFO  org.springframework.boot.test.context.SpringBootTestContextBootstrapper - Neither @ContextConfiguration nor @ContextHierarchy found for test class [com.dms.devops.ApplicationTest], using SpringBootContextLoader
2017-11-28 10:05:41.276 [main] INFO  org.springframework.test.context.support.AbstractContextLoader - Could not detect default resource locations for test class [com.dms.devops.ApplicationTest]: no resource found for suffixes {-context.xml, Context.groovy}.
2017-11-28 10:05:41.278 [main] INFO  org.springframework.test.context.support.AnnotationConfigContextLoaderUtils - Could not detect default configuration classes for test class [com.dms.devops.ApplicationTest]: ApplicationTest does not declare any static, non-private, non-final, nested classes annotated with @Configuration.
2017-11-28 10:05:41.423 [main] INFO  org.springframework.boot.test.context.SpringBootTestContextBootstrapper - Found @SpringBootConfiguration com.dms.devops.Application for test class com.dms.devops.ApplicationTest
2017-11-28 10:05:41.433 [main] INFO  org.springframework.boot.test.context.SpringBootTestContextBootstrapper - Loaded default TestExecutionListener class names from location [META-INF/spring.factories]: [org.springframework.boot.test.mock.mockito.MockitoTestExecutionListener, org.springframework.boot.test.mock.mockito.ResetMocksTestExecutionListener, org.springframework.boot.test.autoconfigure.restdocs.RestDocsTestExecutionListener, org.springframework.boot.test.autoconfigure.web.client.MockRestServiceServerResetTestExecutionListener, org.springframework.boot.test.autoconfigure.web.servlet.MockMvcPrintOnlyOnFailureTestExecutionListener, org.springframework.boot.test.autoconfigure.web.servlet.WebDriverTestExecutionListener, org.springframework.test.context.web.ServletTestExecutionListener, org.springframework.test.context.support.DirtiesContextBeforeModesTestExecutionListener, org.springframework.test.context.support.DependencyInjectionTestExecutionListener, org.springframework.test.context.support.DirtiesContextTestExecutionListener, org.springframework.test.context.transaction.TransactionalTestExecutionListener, org.springframework.test.context.jdbc.SqlScriptsTestExecutionListener]
2017-11-28 10:05:41.445 [main] INFO  org.springframework.boot.test.context.SpringBootTestContextBootstrapper - Could not instantiate TestExecutionListener [org.springframework.test.context.jdbc.SqlScriptsTestExecutionListener]. Specify custom listener classes or make the default listener classes (and their required dependencies) available. Offending class: [org/springframework/transaction/interceptor/TransactionAttribute]
2017-11-28 10:05:41.449 [main] INFO  org.springframework.boot.test.context.SpringBootTestContextBootstrapper - Could not instantiate TestExecutionListener [org.springframework.test.context.transaction.TransactionalTestExecutionListener]. Specify custom listener classes or make the default listener classes (and their required dependencies) available. Offending class: [org/springframework/transaction/interceptor/TransactionAttributeSource]
2017-11-28 10:05:41.452 [main] INFO  org.springframework.boot.test.context.SpringBootTestContextBootstrapper - Using TestExecutionListeners: [org.springframework.test.context.web.ServletTestExecutionListener@2f54a33d, org.springframework.test.context.support.DirtiesContextBeforeModesTestExecutionListener@1018bde2, org.springframework.boot.test.autoconfigure.SpringBootDependencyInjectionTestExecutionListener@65b3f4a4, org.springframework.test.context.support.DirtiesContextTestExecutionListener@f2ff811, org.springframework.boot.test.autoconfigure.restdocs.RestDocsTestExecutionListener@568ff82, org.springframework.boot.test.autoconfigure.web.servlet.WebDriverTestExecutionListener@50caa560, org.springframework.boot.test.mock.mockito.MockitoTestExecutionListener@2a266d09, org.springframework.boot.test.mock.mockito.ResetMocksTestExecutionListener@5ab9e72c, org.springframework.boot.test.autoconfigure.web.servlet.MockMvcPrintOnlyOnFailureTestExecutionListener@186f8716, org.springframework.boot.test.autoconfigure.web.client.MockRestServiceServerResetTestExecutionListener@1d8bd0de]
2017-11-28 10:05:41.460 [main] INFO  org.springframework.boot.test.context.SpringBootTestContextBootstrapper - Neither @ContextConfiguration nor @ContextHierarchy found for test class [com.dms.devops.HttpRequestTest], using SpringBootContextLoader
2017-11-28 10:05:41.462 [main] INFO  org.springframework.test.context.support.AbstractContextLoader - Could not detect default resource locations for test class [com.dms.devops.HttpRequestTest]: no resource found for suffixes {-context.xml, Context.groovy}.
2017-11-28 10:05:41.463 [main] INFO  org.springframework.test.context.support.AnnotationConfigContextLoaderUtils - Could not detect default configuration classes for test class [com.dms.devops.HttpRequestTest]: HttpRequestTest does not declare any static, non-private, non-final, nested classes annotated with @Configuration.
2017-11-28 10:05:41.477 [main] INFO  org.springframework.boot.test.context.SpringBootTestContextBootstrapper - Found @SpringBootConfiguration com.dms.devops.Application for test class com.dms.devops.HttpRequestTest
2017-11-28 10:05:41.486 [main] INFO  org.springframework.boot.test.context.SpringBootTestContextBootstrapper - Loaded default TestExecutionListener class names from location [META-INF/spring.factories]: [org.springframework.boot.test.mock.mockito.MockitoTestExecutionListener, org.springframework.boot.test.mock.mockito.ResetMocksTestExecutionListener, org.springframework.boot.test.autoconfigure.restdocs.RestDocsTestExecutionListener, org.springframework.boot.test.autoconfigure.web.client.MockRestServiceServerResetTestExecutionListener, org.springframework.boot.test.autoconfigure.web.servlet.MockMvcPrintOnlyOnFailureTestExecutionListener, org.springframework.boot.test.autoconfigure.web.servlet.WebDriverTestExecutionListener, org.springframework.test.context.web.ServletTestExecutionListener, org.springframework.test.context.support.DirtiesContextBeforeModesTestExecutionListener, org.springframework.test.context.support.DependencyInjectionTestExecutionListener, org.springframework.test.context.support.DirtiesContextTestExecutionListener, org.springframework.test.context.transaction.TransactionalTestExecutionListener, org.springframework.test.context.jdbc.SqlScriptsTestExecutionListener]
2017-11-28 10:05:41.490 [main] INFO  org.springframework.boot.test.context.SpringBootTestContextBootstrapper - Could not instantiate TestExecutionListener [org.springframework.test.context.jdbc.SqlScriptsTestExecutionListener]. Specify custom listener classes or make the default listener classes (and their required dependencies) available. Offending class: [org/springframework/transaction/interceptor/TransactionAttribute]
2017-11-28 10:05:41.491 [main] INFO  org.springframework.boot.test.context.SpringBootTestContextBootstrapper - Could not instantiate TestExecutionListener [org.springframework.test.context.transaction.TransactionalTestExecutionListener]. Specify custom listener classes or make the default listener classes (and their required dependencies) available. Offending class: [org/springframework/transaction/interceptor/TransactionAttributeSource]
2017-11-28 10:05:41.491 [main] INFO  org.springframework.boot.test.context.SpringBootTestContextBootstrapper - Using TestExecutionListeners: [org.springframework.test.context.web.ServletTestExecutionListener@503d687a, org.springframework.test.context.support.DirtiesContextBeforeModesTestExecutionListener@6a370f4, org.springframework.boot.test.autoconfigure.SpringBootDependencyInjectionTestExecutionListener@2abf4075, org.springframework.test.context.support.DirtiesContextTestExecutionListener@770d3326, org.springframework.boot.test.autoconfigure.restdocs.RestDocsTestExecutionListener@4cc8eb05, org.springframework.boot.test.autoconfigure.web.servlet.WebDriverTestExecutionListener@51f116b8, org.springframework.boot.test.mock.mockito.MockitoTestExecutionListener@19d481b, org.springframework.boot.test.mock.mockito.ResetMocksTestExecutionListener@1f97cf0d, org.springframework.boot.test.autoconfigure.web.servlet.MockMvcPrintOnlyOnFailureTestExecutionListener@140c9f39, org.springframework.boot.test.autoconfigure.web.client.MockRestServiceServerResetTestExecutionListener@4d910fd6]
2017-11-28 10:05:41.495 [main] INFO  org.springframework.boot.test.context.SpringBootTestContextBootstrapper - Neither @ContextConfiguration nor @ContextHierarchy found for test class [com.dms.devops.SmokeTest], using SpringBootContextLoader
2017-11-28 10:05:41.496 [main] INFO  org.springframework.test.context.support.AbstractContextLoader - Could not detect default resource locations for test class [com.dms.devops.SmokeTest]: no resource found for suffixes {-context.xml, Context.groovy}.
2017-11-28 10:05:41.497 [main] INFO  org.springframework.test.context.support.AnnotationConfigContextLoaderUtils - Could not detect default configuration classes for test class [com.dms.devops.SmokeTest]: SmokeTest does not declare any static, non-private, non-final, nested classes annotated with @Configuration.
2017-11-28 10:05:41.502 [main] INFO  org.springframework.boot.test.context.SpringBootTestContextBootstrapper - Found @SpringBootConfiguration com.dms.devops.Application for test class com.dms.devops.SmokeTest
2017-11-28 10:05:41.505 [main] INFO  org.springframework.boot.test.context.SpringBootTestContextBootstrapper - Loaded default TestExecutionListener class names from location [META-INF/spring.factories]: [org.springframework.boot.test.mock.mockito.MockitoTestExecutionListener, org.springframework.boot.test.mock.mockito.ResetMocksTestExecutionListener, org.springframework.boot.test.autoconfigure.restdocs.RestDocsTestExecutionListener, org.springframework.boot.test.autoconfigure.web.client.MockRestServiceServerResetTestExecutionListener, org.springframework.boot.test.autoconfigure.web.servlet.MockMvcPrintOnlyOnFailureTestExecutionListener, org.springframework.boot.test.autoconfigure.web.servlet.WebDriverTestExecutionListener, org.springframework.test.context.web.ServletTestExecutionListener, org.springframework.test.context.support.DirtiesContextBeforeModesTestExecutionListener, org.springframework.test.context.support.DependencyInjectionTestExecutionListener, org.springframework.test.context.support.DirtiesContextTestExecutionListener, org.springframework.test.context.transaction.TransactionalTestExecutionListener, org.springframework.test.context.jdbc.SqlScriptsTestExecutionListener]
2017-11-28 10:05:41.509 [main] INFO  org.springframework.boot.test.context.SpringBootTestContextBootstrapper - Could not instantiate TestExecutionListener [org.springframework.test.context.jdbc.SqlScriptsTestExecutionListener]. Specify custom listener classes or make the default listener classes (and their required dependencies) available. Offending class: [org/springframework/transaction/interceptor/TransactionAttribute]
2017-11-28 10:05:41.510 [main] INFO  org.springframework.boot.test.context.SpringBootTestContextBootstrapper - Could not instantiate TestExecutionListener [org.springframework.test.context.transaction.TransactionalTestExecutionListener]. Specify custom listener classes or make the default listener classes (and their required dependencies) available. Offending class: [org/springframework/transaction/interceptor/TransactionAttributeSource]
2017-11-28 10:05:41.512 [main] INFO  org.springframework.boot.test.context.SpringBootTestContextBootstrapper - Using TestExecutionListeners: [org.springframework.test.context.web.ServletTestExecutionListener@cad498c, org.springframework.test.context.support.DirtiesContextBeforeModesTestExecutionListener@1e6454ec, org.springframework.boot.test.autoconfigure.SpringBootDependencyInjectionTestExecutionListener@2accdbb5, org.springframework.test.context.support.DirtiesContextTestExecutionListener@b62d79, org.springframework.boot.test.autoconfigure.restdocs.RestDocsTestExecutionListener@6631f5ca, org.springframework.boot.test.autoconfigure.web.servlet.WebDriverTestExecutionListener@5ace1ed4, org.springframework.boot.test.mock.mockito.MockitoTestExecutionListener@1613674b, org.springframework.boot.test.mock.mockito.ResetMocksTestExecutionListener@27ff5d15, org.springframework.boot.test.autoconfigure.web.servlet.MockMvcPrintOnlyOnFailureTestExecutionListener@4e096385, org.springframework.boot.test.autoconfigure.web.client.MockRestServiceServerResetTestExecutionListener@649bec2e]
2017-11-28 10:05:41.523 [main] INFO  org.springframework.boot.test.context.SpringBootTestContextBootstrapper - Neither @ContextConfiguration nor @ContextHierarchy found for test class [com.dms.devops.ApplicationTest], using SpringBootContextLoader
2017-11-28 10:05:41.524 [main] INFO  org.springframework.test.context.support.AbstractContextLoader - Could not detect default resource locations for test class [com.dms.devops.ApplicationTest]: no resource found for suffixes {-context.xml, Context.groovy}.
2017-11-28 10:05:41.525 [main] INFO  org.springframework.test.context.support.AnnotationConfigContextLoaderUtils - Could not detect default configuration classes for test class [com.dms.devops.ApplicationTest]: ApplicationTest does not declare any static, non-private, non-final, nested classes annotated with @Configuration.
2017-11-28 10:05:41.529 [main] INFO  org.springframework.boot.test.context.SpringBootTestContextBootstrapper - Found @SpringBootConfiguration com.dms.devops.Application for test class com.dms.devops.ApplicationTest
2017-11-28 10:05:41.532 [main] INFO  org.springframework.boot.test.context.SpringBootTestContextBootstrapper - Loaded default TestExecutionListener class names from location [META-INF/spring.factories]: [org.springframework.boot.test.mock.mockito.MockitoTestExecutionListener, org.springframework.boot.test.mock.mockito.ResetMocksTestExecutionListener, org.springframework.boot.test.autoconfigure.restdocs.RestDocsTestExecutionListener, org.springframework.boot.test.autoconfigure.web.client.MockRestServiceServerResetTestExecutionListener, org.springframework.boot.test.autoconfigure.web.servlet.MockMvcPrintOnlyOnFailureTestExecutionListener, org.springframework.boot.test.autoconfigure.web.servlet.WebDriverTestExecutionListener, org.springframework.test.context.web.ServletTestExecutionListener, org.springframework.test.context.support.DirtiesContextBeforeModesTestExecutionListener, org.springframework.test.context.support.DependencyInjectionTestExecutionListener, org.springframework.test.context.support.DirtiesContextTestExecutionListener, org.springframework.test.context.transaction.TransactionalTestExecutionListener, org.springframework.test.context.jdbc.SqlScriptsTestExecutionListener]
2017-11-28 10:05:41.542 [main] INFO  org.springframework.boot.test.context.SpringBootTestContextBootstrapper - Could not instantiate TestExecutionListener [org.springframework.test.context.jdbc.SqlScriptsTestExecutionListener]. Specify custom listener classes or make the default listener classes (and their required dependencies) available. Offending class: [org/springframework/transaction/interceptor/TransactionAttribute]
2017-11-28 10:05:41.544 [main] INFO  org.springframework.boot.test.context.SpringBootTestContextBootstrapper - Could not instantiate TestExecutionListener [org.springframework.test.context.transaction.TransactionalTestExecutionListener]. Specify custom listener classes or make the default listener classes (and their required dependencies) available. Offending class: [org/springframework/transaction/interceptor/TransactionAttributeSource]
2017-11-28 10:05:41.545 [main] INFO  org.springframework.boot.test.context.SpringBootTestContextBootstrapper - Using TestExecutionListeners: [org.springframework.test.context.web.ServletTestExecutionListener@63a12c68, org.springframework.test.context.support.DirtiesContextBeforeModesTestExecutionListener@28f3b248, org.springframework.boot.test.autoconfigure.SpringBootDependencyInjectionTestExecutionListener@1b1426f4, org.springframework.test.context.support.DirtiesContextTestExecutionListener@32b260fa, org.springframework.boot.test.autoconfigure.restdocs.RestDocsTestExecutionListener@581ac8a8, org.springframework.boot.test.autoconfigure.web.servlet.WebDriverTestExecutionListener@6d4e5011, org.springframework.boot.test.mock.mockito.MockitoTestExecutionListener@57d7f8ca, org.springframework.boot.test.mock.mockito.ResetMocksTestExecutionListener@76c3e77a, org.springframework.boot.test.autoconfigure.web.servlet.MockMvcPrintOnlyOnFailureTestExecutionListener@78123e82, org.springframework.boot.test.autoconfigure.web.client.MockRestServiceServerResetTestExecutionListener@67c33749]
2017-11-28 10:05:52.139 [background-preinit] INFO  org.hibernate.validator.internal.util.Version - HV000001: Hibernate Validator 5.3.5.Final
2017-11-28 10:05:56.873 [main] INFO  com.dms.devops.ApplicationTest - Starting ApplicationTest on DsMac.local with PID 98134 (started by diego in /Users/diego/Documents/Projects/MicroServicesProj1/SOA-Monolith/ms_user)
2017-11-28 10:05:56.874 [main] INFO  com.dms.devops.ApplicationTest - No active profile set, falling back to default profiles: default
2017-11-28 10:05:56.901 [main] INFO  org.springframework.web.context.support.GenericWebApplicationContext - Refreshing org.springframework.web.context.support.GenericWebApplicationContext@3116c353: startup date [Tue Nov 28 10:05:56 BRT 2017]; root of context hierarchy
2017-11-28 10:05:57.317 [main] INFO  org.springframework.beans.factory.support.DefaultListableBeanFactory - Overriding bean definition for bean 'requestContextFilter' with a different definition: replacing [Root bean: class [null]; scope=; abstract=false; lazyInit=false; autowireMode=3; dependencyCheck=0; autowireCandidate=true; primary=false; factoryBeanName=org.springframework.boot.autoconfigure.jersey.JerseyAutoConfiguration; factoryMethodName=requestContextFilter; initMethodName=null; destroyMethodName=(inferred); defined in class path resource [org/springframework/boot/autoconfigure/jersey/JerseyAutoConfiguration.class]] with [Root bean: class [org.springframework.boot.autoconfigure.web.WebMvcAutoConfiguration$WebMvcAutoConfigurationAdapter]; scope=; abstract=false; lazyInit=false; autowireMode=3; dependencyCheck=0; autowireCandidate=true; primary=false; factoryBeanName=null; factoryMethodName=requestContextFilter; initMethodName=null; destroyMethodName=(inferred); defined in class path resource [org/springframework/boot/autoconfigure/web/WebMvcAutoConfiguration$WebMvcAutoConfigurationAdapter.class]]
2017-11-28 10:05:57.569 [main] INFO  org.springframework.beans.factory.annotation.AutowiredAnnotationBeanPostProcessor - JSR-330 'javax.inject.Inject' annotation found and supported for autowiring
2017-11-28 10:05:58.382 [main] INFO  org.springframework.web.servlet.mvc.method.annotation.RequestMappingHandlerAdapter - Looking for @ControllerAdvice: org.springframework.web.context.support.GenericWebApplicationContext@3116c353: startup date [Tue Nov 28 10:05:56 BRT 2017]; root of context hierarchy
2017-11-28 10:05:58.462 [main] INFO  org.springframework.web.servlet.mvc.method.annotation.RequestMappingHandlerMapping - Mapped "{[/error]}" onto public org.springframework.http.ResponseEntity<java.util.Map<java.lang.String, java.lang.Object>> org.springframework.boot.autoconfigure.web.BasicErrorController.error(javax.servlet.http.HttpServletRequest)
2017-11-28 10:05:58.464 [main] INFO  org.springframework.web.servlet.mvc.method.annotation.RequestMappingHandlerMapping - Mapped "{[/error],produces=[text/html]}" onto public org.springframework.web.servlet.ModelAndView org.springframework.boot.autoconfigure.web.BasicErrorController.errorHtml(javax.servlet.http.HttpServletRequest,javax.servlet.http.HttpServletResponse)
2017-11-28 10:05:58.499 [main] INFO  org.springframework.web.servlet.handler.SimpleUrlHandlerMapping - Mapped URL path [/webjars/**] onto handler of type [class org.springframework.web.servlet.resource.ResourceHttpRequestHandler]
2017-11-28 10:05:58.499 [main] INFO  org.springframework.web.servlet.handler.SimpleUrlHandlerMapping - Mapped URL path [/**] onto handler of type [class org.springframework.web.servlet.resource.ResourceHttpRequestHandler]
2017-11-28 10:05:58.551 [main] INFO  org.springframework.web.servlet.handler.SimpleUrlHandlerMapping - Mapped URL path [/**/favicon.ico] onto handler of type [class org.springframework.web.servlet.resource.ResourceHttpRequestHandler]
2017-11-28 10:05:58.716 [main] INFO  com.dms.devops.ApplicationTest - Started ApplicationTest in 17.094 seconds (JVM running for 23.335)
2017-11-28 10:05:58.783 [main] INFO  org.springframework.boot.test.context.SpringBootTestContextBootstrapper - Neither @ContextConfiguration nor @ContextHierarchy found for test class [com.dms.devops.HttpRequestTest], using SpringBootContextLoader
2017-11-28 10:05:58.784 [main] INFO  org.springframework.test.context.support.AbstractContextLoader - Could not detect default resource locations for test class [com.dms.devops.HttpRequestTest]: no resource found for suffixes {-context.xml, Context.groovy}.
2017-11-28 10:05:58.784 [main] INFO  org.springframework.test.context.support.AnnotationConfigContextLoaderUtils - Could not detect default configuration classes for test class [com.dms.devops.HttpRequestTest]: HttpRequestTest does not declare any static, non-private, non-final, nested classes annotated with @Configuration.
2017-11-28 10:05:58.786 [main] INFO  org.springframework.boot.test.context.SpringBootTestContextBootstrapper - Found @SpringBootConfiguration com.dms.devops.Application for test class com.dms.devops.HttpRequestTest
2017-11-28 10:05:58.788 [main] INFO  org.springframework.boot.test.context.SpringBootTestContextBootstrapper - Loaded default TestExecutionListener class names from location [META-INF/spring.factories]: [org.springframework.boot.test.mock.mockito.MockitoTestExecutionListener, org.springframework.boot.test.mock.mockito.ResetMocksTestExecutionListener, org.springframework.boot.test.autoconfigure.restdocs.RestDocsTestExecutionListener, org.springframework.boot.test.autoconfigure.web.client.MockRestServiceServerResetTestExecutionListener, org.springframework.boot.test.autoconfigure.web.servlet.MockMvcPrintOnlyOnFailureTestExecutionListener, org.springframework.boot.test.autoconfigure.web.servlet.WebDriverTestExecutionListener, org.springframework.test.context.web.ServletTestExecutionListener, org.springframework.test.context.support.DirtiesContextBeforeModesTestExecutionListener, org.springframework.test.context.support.DependencyInjectionTestExecutionListener, org.springframework.test.context.support.DirtiesContextTestExecutionListener, org.springframework.test.context.transaction.TransactionalTestExecutionListener, org.springframework.test.context.jdbc.SqlScriptsTestExecutionListener]
2017-11-28 10:05:58.792 [main] INFO  org.springframework.boot.test.context.SpringBootTestContextBootstrapper - Could not instantiate TestExecutionListener [org.springframework.test.context.jdbc.SqlScriptsTestExecutionListener]. Specify custom listener classes or make the default listener classes (and their required dependencies) available. Offending class: [org/springframework/transaction/interceptor/TransactionAttribute]
2017-11-28 10:05:58.793 [main] INFO  org.springframework.boot.test.context.SpringBootTestContextBootstrapper - Could not instantiate TestExecutionListener [org.springframework.test.context.transaction.TransactionalTestExecutionListener]. Specify custom listener classes or make the default listener classes (and their required dependencies) available. Offending class: [org/springframework/transaction/interceptor/TransactionAttributeSource]
2017-11-28 10:05:58.802 [main] INFO  org.springframework.boot.test.context.SpringBootTestContextBootstrapper - Using TestExecutionListeners: [org.springframework.test.context.web.ServletTestExecutionListener@24e08d59, org.springframework.test.context.support.DirtiesContextBeforeModesTestExecutionListener@77cb9cd1, org.springframework.boot.test.autoconfigure.SpringBootDependencyInjectionTestExecutionListener@971e903, org.springframework.test.context.support.DirtiesContextTestExecutionListener@35636217, org.springframework.boot.test.autoconfigure.restdocs.RestDocsTestExecutionListener@1549bba7, org.springframework.boot.test.autoconfigure.web.servlet.WebDriverTestExecutionListener@3e4f80cb, org.springframework.boot.test.mock.mockito.MockitoTestExecutionListener@38704ff0, org.springframework.boot.test.mock.mockito.ResetMocksTestExecutionListener@16ade133, org.springframework.boot.test.autoconfigure.web.servlet.MockMvcPrintOnlyOnFailureTestExecutionListener@4e61e4c2, org.springframework.boot.test.autoconfigure.web.client.MockRestServiceServerResetTestExecutionListener@c6a6c1d]
2017-11-28 10:06:08.868 [main] INFO  com.dms.devops.HttpRequestTest - Starting HttpRequestTest on DsMac.local with PID 98134 (started by diego in /Users/diego/Documents/Projects/MicroServicesProj1/SOA-Monolith/ms_user)
2017-11-28 10:06:08.868 [main] INFO  com.dms.devops.HttpRequestTest - No active profile set, falling back to default profiles: default
2017-11-28 10:06:08.871 [main] INFO  org.springframework.boot.context.embedded.AnnotationConfigEmbeddedWebApplicationContext - Refreshing org.springframework.boot.context.embedded.AnnotationConfigEmbeddedWebApplicationContext@49293b43: startup date [Tue Nov 28 10:06:08 BRT 2017]; root of context hierarchy
2017-11-28 10:06:09.043 [main] INFO  org.springframework.beans.factory.support.DefaultListableBeanFactory - Overriding bean definition for bean 'requestContextFilter' with a different definition: replacing [Root bean: class [null]; scope=; abstract=false; lazyInit=false; autowireMode=3; dependencyCheck=0; autowireCandidate=true; primary=false; factoryBeanName=org.springframework.boot.autoconfigure.jersey.JerseyAutoConfiguration; factoryMethodName=requestContextFilter; initMethodName=null; destroyMethodName=(inferred); defined in class path resource [org/springframework/boot/autoconfigure/jersey/JerseyAutoConfiguration.class]] with [Root bean: class [org.springframework.boot.autoconfigure.web.WebMvcAutoConfiguration$WebMvcAutoConfigurationAdapter]; scope=; abstract=false; lazyInit=false; autowireMode=3; dependencyCheck=0; autowireCandidate=true; primary=false; factoryBeanName=null; factoryMethodName=requestContextFilter; initMethodName=null; destroyMethodName=(inferred); defined in class path resource [org/springframework/boot/autoconfigure/web/WebMvcAutoConfiguration$WebMvcAutoConfigurationAdapter.class]]
2017-11-28 10:06:09.082 [main] INFO  org.springframework.beans.factory.annotation.AutowiredAnnotationBeanPostProcessor - JSR-330 'javax.inject.Inject' annotation found and supported for autowiring
2017-11-28 10:06:09.355 [main] INFO  org.springframework.boot.context.embedded.tomcat.TomcatEmbeddedServletContainer - Tomcat initialized with port(s): 0 (http)
2017-11-28 10:06:09.372 [main] INFO  org.apache.catalina.core.StandardService - Starting service [Tomcat]
2017-11-28 10:06:09.373 [main] INFO  org.apache.catalina.core.StandardEngine - Starting Servlet Engine: Apache Tomcat/8.5.23
2017-11-28 10:06:09.487 [localhost-startStop-1] INFO  org.apache.catalina.core.ContainerBase.[Tomcat].[localhost].[/] - Initializing Spring embedded WebApplicationContext
2017-11-28 10:06:09.487 [localhost-startStop-1] INFO  org.springframework.web.context.ContextLoader - Root WebApplicationContext: initialization completed in 616 ms
2017-11-28 10:06:09.645 [localhost-startStop-1] INFO  org.springframework.boot.web.servlet.ServletRegistrationBean - Mapping servlet: 'com.dms.devops.ApplicationConfig$JerseyConfig' to [/*]
2017-11-28 10:06:09.647 [localhost-startStop-1] INFO  org.springframework.boot.web.servlet.ServletRegistrationBean - Mapping servlet: 'dispatcherServlet' to [/]
2017-11-28 10:06:09.650 [localhost-startStop-1] INFO  org.springframework.boot.web.servlet.FilterRegistrationBean - Mapping filter: 'characterEncodingFilter' to: [/*]
2017-11-28 10:06:09.650 [localhost-startStop-1] INFO  org.springframework.boot.web.servlet.FilterRegistrationBean - Mapping filter: 'hiddenHttpMethodFilter' to: [/*]
2017-11-28 10:06:09.651 [localhost-startStop-1] INFO  org.springframework.boot.web.servlet.FilterRegistrationBean - Mapping filter: 'httpPutFormContentFilter' to: [/*]
2017-11-28 10:06:09.651 [localhost-startStop-1] INFO  org.springframework.boot.web.servlet.FilterRegistrationBean - Mapping filter: 'requestContextFilter' to: [/*]
2017-11-28 10:06:09.801 [main] INFO  org.springframework.web.servlet.mvc.method.annotation.RequestMappingHandlerAdapter - Looking for @ControllerAdvice: org.springframework.boot.context.embedded.AnnotationConfigEmbeddedWebApplicationContext@49293b43: startup date [Tue Nov 28 10:06:08 BRT 2017]; root of context hierarchy
2017-11-28 10:06:09.814 [main] INFO  org.springframework.web.servlet.mvc.method.annotation.RequestMappingHandlerMapping - Mapped "{[/error]}" onto public org.springframework.http.ResponseEntity<java.util.Map<java.lang.String, java.lang.Object>> org.springframework.boot.autoconfigure.web.BasicErrorController.error(javax.servlet.http.HttpServletRequest)
2017-11-28 10:06:09.815 [main] INFO  org.springframework.web.servlet.mvc.method.annotation.RequestMappingHandlerMapping - Mapped "{[/error],produces=[text/html]}" onto public org.springframework.web.servlet.ModelAndView org.springframework.boot.autoconfigure.web.BasicErrorController.errorHtml(javax.servlet.http.HttpServletRequest,javax.servlet.http.HttpServletResponse)
2017-11-28 10:06:09.856 [main] INFO  org.springframework.web.servlet.handler.SimpleUrlHandlerMapping - Mapped URL path [/webjars/**] onto handler of type [class org.springframework.web.servlet.resource.ResourceHttpRequestHandler]
2017-11-28 10:06:09.857 [main] INFO  org.springframework.web.servlet.handler.SimpleUrlHandlerMapping - Mapped URL path [/**] onto handler of type [class org.springframework.web.servlet.resource.ResourceHttpRequestHandler]
2017-11-28 10:06:09.884 [main] INFO  org.springframework.web.servlet.handler.SimpleUrlHandlerMapping - Mapped URL path [/**/favicon.ico] onto handler of type [class org.springframework.web.servlet.resource.ResourceHttpRequestHandler]
2017-11-28 10:06:09.978 [main] INFO  org.apache.coyote.http11.Http11NioProtocol - Initializing ProtocolHandler ["http-nio-auto-1"]
2017-11-28 10:06:09.990 [main] INFO  org.apache.coyote.http11.Http11NioProtocol - Starting ProtocolHandler ["http-nio-auto-1"]
2017-11-28 10:06:10.011 [main] INFO  org.apache.tomcat.util.net.NioSelectorPool - Using a shared selector for servlet write/read
2017-11-28 10:06:10.036 [main] INFO  org.springframework.boot.context.embedded.tomcat.TomcatEmbeddedServletContainer - Tomcat started on port(s): 53290 (http)
2017-11-28 10:06:10.039 [main] INFO  com.dms.devops.HttpRequestTest - Started HttpRequestTest in 11.228 seconds (JVM running for 34.657)
2017-11-28 10:06:10.051 [main] INFO  com.dms.devops.rest.ClienteRestService - 

>>> MS_users: HttpRequestTest: testAddCliente:

2017-11-28 10:06:11.068 [http-nio-auto-1-exec-1] INFO  com.dms.devops.rest.ClienteRestService - 

>ClienteRestService: addCliente: 

2017-11-28 10:06:11.069 [http-nio-auto-1-exec-1] INFO  com.dms.devops.rest.ClienteRestService - 

> O cliente 7 foi inserido!

2017-11-28 10:06:11.098 [main] INFO  com.dms.devops.rest.ClienteRestService - 

>>> MS_users: HttpRequestTest: ./testAddCliente:
 OK. We were able to create a Cliente.

2017-11-28 10:06:11.102 [main] INFO  com.dms.devops.rest.ClienteRestService - 

>>> MS_users: HttpRequestTest: testGetClientes

2017-11-28 10:06:11.112 [http-nio-auto-1-exec-2] INFO  com.dms.devops.rest.ClienteRestService - 

>ClienteRestService: getClientes: 

2017-11-28 10:06:11.112 [http-nio-auto-1-exec-2] INFO  com.dms.devops.rest.ClienteRestService - 

> Foram buscados 7 clientes

2017-11-28 10:06:11.120 [main] INFO  com.dms.devops.rest.ClienteRestService - 

>>> MS_users: HttpRequestTest: ./testGetClientes
 OK. We'ge got a list of Clientes.
2017-11-28 10:06:11.124 [main] INFO  com.dms.devops.rest.ClienteRestService - 

>>> MS_users: HttpRequestTest: testMergeCliente:

2017-11-28 10:06:11.130 [http-nio-auto-1-exec-3] INFO  com.dms.devops.rest.ClienteRestService - 

>ClienteRestService: mergeCliente: 

2017-11-28 10:06:11.130 [http-nio-auto-1-exec-3] INFO  com.dms.devops.rest.ClienteRestService - 

> O cliente 7 foi alterado!

2017-11-28 10:06:11.133 [main] INFO  com.dms.devops.rest.ClienteRestService - 

>>> MS_users: HttpRequestTest: ./testMergeCliente:
 OK. We were able to update the selected Cliente.

2017-11-28 10:06:11.137 [main] INFO  com.dms.devops.rest.ClienteRestService - 

>>> MS_users: HttpRequestTest: testCancelPedido

2017-11-28 10:06:11.143 [http-nio-auto-1-exec-4] INFO  com.dms.devops.rest.ClienteRestService - 

>ClienteRestService: getCliente: 

2017-11-28 10:06:11.143 [http-nio-auto-1-exec-4] INFO  com.dms.devops.rest.ClienteRestService - 

> O cliente Cliente Sete foi buscado

2017-11-28 10:06:11.146 [main] INFO  com.dms.devops.rest.ClienteRestService - 

>>> MS_users: HttpRequestTest: ./testCancelPedido
 OK. We found the selectd Cliente.
2017-11-28 10:06:11.161 [main] INFO  com.dms.devops.rest.ClienteRestService - 

>>> MS_users: HttpRequestTest: testDeleteCliente:

2017-11-28 10:06:11.169 [http-nio-auto-1-exec-5] INFO  com.dms.devops.rest.ClienteRestService - 

>ClienteRestService: deleteCliente: 

2017-11-28 10:06:11.169 [http-nio-auto-1-exec-5] INFO  com.dms.devops.rest.ClienteRestService - 

> O cliente 7 foi excluido!

2017-11-28 10:06:11.231 [main] INFO  com.dms.devops.rest.ClienteRestService - 

>>> MS_users: HttpRequestTest: ./testDeleteCliente:
 OK. We've deleted the Cliente.

2017-11-28 10:06:11.235 [main] INFO  org.springframework.boot.test.context.SpringBootTestContextBootstrapper - Neither @ContextConfiguration nor @ContextHierarchy found for test class [com.dms.devops.SmokeTest], using SpringBootContextLoader
2017-11-28 10:06:11.237 [main] INFO  org.springframework.test.context.support.AbstractContextLoader - Could not detect default resource locations for test class [com.dms.devops.SmokeTest]: no resource found for suffixes {-context.xml, Context.groovy}.
2017-11-28 10:06:11.237 [main] INFO  org.springframework.test.context.support.AnnotationConfigContextLoaderUtils - Could not detect default configuration classes for test class [com.dms.devops.SmokeTest]: SmokeTest does not declare any static, non-private, non-final, nested classes annotated with @Configuration.
2017-11-28 10:06:11.246 [main] INFO  org.springframework.boot.test.context.SpringBootTestContextBootstrapper - Found @SpringBootConfiguration com.dms.devops.Application for test class com.dms.devops.SmokeTest
2017-11-28 10:06:11.251 [main] INFO  org.springframework.boot.test.context.SpringBootTestContextBootstrapper - Loaded default TestExecutionListener class names from location [META-INF/spring.factories]: [org.springframework.boot.test.mock.mockito.MockitoTestExecutionListener, org.springframework.boot.test.mock.mockito.ResetMocksTestExecutionListener, org.springframework.boot.test.autoconfigure.restdocs.RestDocsTestExecutionListener, org.springframework.boot.test.autoconfigure.web.client.MockRestServiceServerResetTestExecutionListener, org.springframework.boot.test.autoconfigure.web.servlet.MockMvcPrintOnlyOnFailureTestExecutionListener, org.springframework.boot.test.autoconfigure.web.servlet.WebDriverTestExecutionListener, org.springframework.test.context.web.ServletTestExecutionListener, org.springframework.test.context.support.DirtiesContextBeforeModesTestExecutionListener, org.springframework.test.context.support.DependencyInjectionTestExecutionListener, org.springframework.test.context.support.DirtiesContextTestExecutionListener, org.springframework.test.context.transaction.TransactionalTestExecutionListener, org.springframework.test.context.jdbc.SqlScriptsTestExecutionListener]
2017-11-28 10:06:11.255 [main] INFO  org.springframework.boot.test.context.SpringBootTestContextBootstrapper - Could not instantiate TestExecutionListener [org.springframework.test.context.jdbc.SqlScriptsTestExecutionListener]. Specify custom listener classes or make the default listener classes (and their required dependencies) available. Offending class: [org/springframework/transaction/interceptor/TransactionAttribute]
2017-11-28 10:06:11.255 [main] INFO  org.springframework.boot.test.context.SpringBootTestContextBootstrapper - Could not instantiate TestExecutionListener [org.springframework.test.context.transaction.TransactionalTestExecutionListener]. Specify custom listener classes or make the default listener classes (and their required dependencies) available. Offending class: [org/springframework/transaction/interceptor/TransactionAttributeSource]
2017-11-28 10:06:11.256 [main] INFO  org.springframework.boot.test.context.SpringBootTestContextBootstrapper - Using TestExecutionListeners: [org.springframework.test.context.web.ServletTestExecutionListener@5ec4ff02, org.springframework.test.context.support.DirtiesContextBeforeModesTestExecutionListener@1f11f64e, org.springframework.boot.test.autoconfigure.SpringBootDependencyInjectionTestExecutionListener@2b2f5fcf, org.springframework.test.context.support.DirtiesContextTestExecutionListener@858d8b4, org.springframework.boot.test.autoconfigure.restdocs.RestDocsTestExecutionListener@711d1a52, org.springframework.boot.test.autoconfigure.web.servlet.WebDriverTestExecutionListener@612e21b9, org.springframework.boot.test.mock.mockito.MockitoTestExecutionListener@302edb74, org.springframework.boot.test.mock.mockito.ResetMocksTestExecutionListener@7efd28bd, org.springframework.boot.test.autoconfigure.web.servlet.MockMvcPrintOnlyOnFailureTestExecutionListener@672b72ba, org.springframework.boot.test.autoconfigure.web.client.MockRestServiceServerResetTestExecutionListener@7718a40f]
2017-11-28 10:06:11.343 [Thread-5] INFO  org.springframework.boot.context.embedded.AnnotationConfigEmbeddedWebApplicationContext - Closing org.springframework.boot.context.embedded.AnnotationConfigEmbeddedWebApplicationContext@49293b43: startup date [Tue Nov 28 10:06:08 BRT 2017]; root of context hierarchy
