2017-11-28 10:13:58.244 [main] INFO  org.springframework.boot.test.context.SpringBootTestContextBootstrapper - Neither @ContextConfiguration nor @ContextHierarchy found for test class [com.dms.devops.ApplicationTest], using SpringBootContextLoader
2017-11-28 10:13:58.256 [main] INFO  org.springframework.test.context.support.AbstractContextLoader - Could not detect default resource locations for test class [com.dms.devops.ApplicationTest]: no resource found for suffixes {-context.xml, Context.groovy}.
2017-11-28 10:13:58.258 [main] INFO  org.springframework.test.context.support.AnnotationConfigContextLoaderUtils - Could not detect default configuration classes for test class [com.dms.devops.ApplicationTest]: ApplicationTest does not declare any static, non-private, non-final, nested classes annotated with @Configuration.
2017-11-28 10:13:58.427 [main] INFO  org.springframework.boot.test.context.SpringBootTestContextBootstrapper - Found @SpringBootConfiguration com.dms.devops.Application for test class com.dms.devops.ApplicationTest
2017-11-28 10:13:58.433 [main] INFO  org.springframework.boot.test.context.SpringBootTestContextBootstrapper - Loaded default TestExecutionListener class names from location [META-INF/spring.factories]: [org.springframework.boot.test.mock.mockito.MockitoTestExecutionListener, org.springframework.boot.test.mock.mockito.ResetMocksTestExecutionListener, org.springframework.boot.test.autoconfigure.restdocs.RestDocsTestExecutionListener, org.springframework.boot.test.autoconfigure.web.client.MockRestServiceServerResetTestExecutionListener, org.springframework.boot.test.autoconfigure.web.servlet.MockMvcPrintOnlyOnFailureTestExecutionListener, org.springframework.boot.test.autoconfigure.web.servlet.WebDriverTestExecutionListener, org.springframework.test.context.web.ServletTestExecutionListener, org.springframework.test.context.support.DirtiesContextBeforeModesTestExecutionListener, org.springframework.test.context.support.DependencyInjectionTestExecutionListener, org.springframework.test.context.support.DirtiesContextTestExecutionListener, org.springframework.test.context.transaction.TransactionalTestExecutionListener, org.springframework.test.context.jdbc.SqlScriptsTestExecutionListener]
2017-11-28 10:13:58.446 [main] INFO  org.springframework.boot.test.context.SpringBootTestContextBootstrapper - Could not instantiate TestExecutionListener [org.springframework.test.context.jdbc.SqlScriptsTestExecutionListener]. Specify custom listener classes or make the default listener classes (and their required dependencies) available. Offending class: [org/springframework/transaction/interceptor/TransactionAttribute]
2017-11-28 10:13:58.451 [main] INFO  org.springframework.boot.test.context.SpringBootTestContextBootstrapper - Could not instantiate TestExecutionListener [org.springframework.test.context.transaction.TransactionalTestExecutionListener]. Specify custom listener classes or make the default listener classes (and their required dependencies) available. Offending class: [org/springframework/transaction/interceptor/TransactionAttributeSource]
2017-11-28 10:13:58.452 [main] INFO  org.springframework.boot.test.context.SpringBootTestContextBootstrapper - Using TestExecutionListeners: [org.springframework.test.context.web.ServletTestExecutionListener@1018bde2, org.springframework.test.context.support.DirtiesContextBeforeModesTestExecutionListener@65b3f4a4, org.springframework.boot.test.autoconfigure.SpringBootDependencyInjectionTestExecutionListener@f2ff811, org.springframework.test.context.support.DirtiesContextTestExecutionListener@568ff82, org.springframework.boot.test.mock.mockito.ResetMocksTestExecutionListener@50caa560, org.springframework.boot.test.autoconfigure.web.servlet.MockMvcPrintOnlyOnFailureTestExecutionListener@2a266d09, org.springframework.boot.test.mock.mockito.MockitoTestExecutionListener@5ab9e72c, org.springframework.boot.test.autoconfigure.web.client.MockRestServiceServerResetTestExecutionListener@186f8716, org.springframework.boot.test.autoconfigure.web.servlet.WebDriverTestExecutionListener@1d8bd0de, org.springframework.boot.test.autoconfigure.restdocs.RestDocsTestExecutionListener@45ca843]
2017-11-28 10:13:58.460 [main] INFO  org.springframework.boot.test.context.SpringBootTestContextBootstrapper - Neither @ContextConfiguration nor @ContextHierarchy found for test class [com.dms.devops.HttpRequestTest], using SpringBootContextLoader
2017-11-28 10:13:58.461 [main] INFO  org.springframework.test.context.support.AbstractContextLoader - Could not detect default resource locations for test class [com.dms.devops.HttpRequestTest]: no resource found for suffixes {-context.xml, Context.groovy}.
2017-11-28 10:13:58.461 [main] INFO  org.springframework.test.context.support.AnnotationConfigContextLoaderUtils - Could not detect default configuration classes for test class [com.dms.devops.HttpRequestTest]: HttpRequestTest does not declare any static, non-private, non-final, nested classes annotated with @Configuration.
2017-11-28 10:13:58.475 [main] INFO  org.springframework.boot.test.context.SpringBootTestContextBootstrapper - Found @SpringBootConfiguration com.dms.devops.Application for test class com.dms.devops.HttpRequestTest
2017-11-28 10:13:58.481 [main] INFO  org.springframework.boot.test.context.SpringBootTestContextBootstrapper - Loaded default TestExecutionListener class names from location [META-INF/spring.factories]: [org.springframework.boot.test.mock.mockito.MockitoTestExecutionListener, org.springframework.boot.test.mock.mockito.ResetMocksTestExecutionListener, org.springframework.boot.test.autoconfigure.restdocs.RestDocsTestExecutionListener, org.springframework.boot.test.autoconfigure.web.client.MockRestServiceServerResetTestExecutionListener, org.springframework.boot.test.autoconfigure.web.servlet.MockMvcPrintOnlyOnFailureTestExecutionListener, org.springframework.boot.test.autoconfigure.web.servlet.WebDriverTestExecutionListener, org.springframework.test.context.web.ServletTestExecutionListener, org.springframework.test.context.support.DirtiesContextBeforeModesTestExecutionListener, org.springframework.test.context.support.DependencyInjectionTestExecutionListener, org.springframework.test.context.support.DirtiesContextTestExecutionListener, org.springframework.test.context.transaction.TransactionalTestExecutionListener, org.springframework.test.context.jdbc.SqlScriptsTestExecutionListener]
2017-11-28 10:13:58.483 [main] INFO  org.springframework.boot.test.context.SpringBootTestContextBootstrapper - Could not instantiate TestExecutionListener [org.springframework.test.context.jdbc.SqlScriptsTestExecutionListener]. Specify custom listener classes or make the default listener classes (and their required dependencies) available. Offending class: [org/springframework/transaction/interceptor/TransactionAttribute]
2017-11-28 10:13:58.484 [main] INFO  org.springframework.boot.test.context.SpringBootTestContextBootstrapper - Could not instantiate TestExecutionListener [org.springframework.test.context.transaction.TransactionalTestExecutionListener]. Specify custom listener classes or make the default listener classes (and their required dependencies) available. Offending class: [org/springframework/transaction/interceptor/TransactionAttributeSource]
2017-11-28 10:13:58.485 [main] INFO  org.springframework.boot.test.context.SpringBootTestContextBootstrapper - Using TestExecutionListeners: [org.springframework.test.context.web.ServletTestExecutionListener@6a370f4, org.springframework.test.context.support.DirtiesContextBeforeModesTestExecutionListener@2abf4075, org.springframework.boot.test.autoconfigure.SpringBootDependencyInjectionTestExecutionListener@770d3326, org.springframework.test.context.support.DirtiesContextTestExecutionListener@4cc8eb05, org.springframework.boot.test.mock.mockito.ResetMocksTestExecutionListener@51f116b8, org.springframework.boot.test.autoconfigure.web.servlet.MockMvcPrintOnlyOnFailureTestExecutionListener@19d481b, org.springframework.boot.test.mock.mockito.MockitoTestExecutionListener@1f97cf0d, org.springframework.boot.test.autoconfigure.web.client.MockRestServiceServerResetTestExecutionListener@140c9f39, org.springframework.boot.test.autoconfigure.web.servlet.WebDriverTestExecutionListener@4d910fd6, org.springframework.boot.test.autoconfigure.restdocs.RestDocsTestExecutionListener@26275bef]
2017-11-28 10:13:58.494 [main] INFO  org.springframework.boot.test.context.SpringBootTestContextBootstrapper - Neither @ContextConfiguration nor @ContextHierarchy found for test class [com.dms.devops.SmokeTest], using SpringBootContextLoader
2017-11-28 10:13:58.495 [main] INFO  org.springframework.test.context.support.AbstractContextLoader - Could not detect default resource locations for test class [com.dms.devops.SmokeTest]: no resource found for suffixes {-context.xml, Context.groovy}.
2017-11-28 10:13:58.495 [main] INFO  org.springframework.test.context.support.AnnotationConfigContextLoaderUtils - Could not detect default configuration classes for test class [com.dms.devops.SmokeTest]: SmokeTest does not declare any static, non-private, non-final, nested classes annotated with @Configuration.
2017-11-28 10:13:58.499 [main] INFO  org.springframework.boot.test.context.SpringBootTestContextBootstrapper - Found @SpringBootConfiguration com.dms.devops.Application for test class com.dms.devops.SmokeTest
2017-11-28 10:13:58.501 [main] INFO  org.springframework.boot.test.context.SpringBootTestContextBootstrapper - Loaded default TestExecutionListener class names from location [META-INF/spring.factories]: [org.springframework.boot.test.mock.mockito.MockitoTestExecutionListener, org.springframework.boot.test.mock.mockito.ResetMocksTestExecutionListener, org.springframework.boot.test.autoconfigure.restdocs.RestDocsTestExecutionListener, org.springframework.boot.test.autoconfigure.web.client.MockRestServiceServerResetTestExecutionListener, org.springframework.boot.test.autoconfigure.web.servlet.MockMvcPrintOnlyOnFailureTestExecutionListener, org.springframework.boot.test.autoconfigure.web.servlet.WebDriverTestExecutionListener, org.springframework.test.context.web.ServletTestExecutionListener, org.springframework.test.context.support.DirtiesContextBeforeModesTestExecutionListener, org.springframework.test.context.support.DependencyInjectionTestExecutionListener, org.springframework.test.context.support.DirtiesContextTestExecutionListener, org.springframework.test.context.transaction.TransactionalTestExecutionListener, org.springframework.test.context.jdbc.SqlScriptsTestExecutionListener]
2017-11-28 10:13:58.503 [main] INFO  org.springframework.boot.test.context.SpringBootTestContextBootstrapper - Could not instantiate TestExecutionListener [org.springframework.test.context.jdbc.SqlScriptsTestExecutionListener]. Specify custom listener classes or make the default listener classes (and their required dependencies) available. Offending class: [org/springframework/transaction/interceptor/TransactionAttribute]
2017-11-28 10:13:58.505 [main] INFO  org.springframework.boot.test.context.SpringBootTestContextBootstrapper - Could not instantiate TestExecutionListener [org.springframework.test.context.transaction.TransactionalTestExecutionListener]. Specify custom listener classes or make the default listener classes (and their required dependencies) available. Offending class: [org/springframework/transaction/interceptor/TransactionAttributeSource]
2017-11-28 10:13:58.506 [main] INFO  org.springframework.boot.test.context.SpringBootTestContextBootstrapper - Using TestExecutionListeners: [org.springframework.test.context.web.ServletTestExecutionListener@1e6454ec, org.springframework.test.context.support.DirtiesContextBeforeModesTestExecutionListener@2accdbb5, org.springframework.boot.test.autoconfigure.SpringBootDependencyInjectionTestExecutionListener@b62d79, org.springframework.test.context.support.DirtiesContextTestExecutionListener@6631f5ca, org.springframework.boot.test.mock.mockito.ResetMocksTestExecutionListener@5ace1ed4, org.springframework.boot.test.autoconfigure.web.servlet.MockMvcPrintOnlyOnFailureTestExecutionListener@1613674b, org.springframework.boot.test.mock.mockito.MockitoTestExecutionListener@27ff5d15, org.springframework.boot.test.autoconfigure.web.client.MockRestServiceServerResetTestExecutionListener@4e096385, org.springframework.boot.test.autoconfigure.web.servlet.WebDriverTestExecutionListener@649bec2e, org.springframework.boot.test.autoconfigure.restdocs.RestDocsTestExecutionListener@693fe6c9]
2017-11-28 10:13:58.519 [main] INFO  org.springframework.boot.test.context.SpringBootTestContextBootstrapper - Neither @ContextConfiguration nor @ContextHierarchy found for test class [com.dms.devops.ApplicationTest], using SpringBootContextLoader
2017-11-28 10:13:58.520 [main] INFO  org.springframework.test.context.support.AbstractContextLoader - Could not detect default resource locations for test class [com.dms.devops.ApplicationTest]: no resource found for suffixes {-context.xml, Context.groovy}.
2017-11-28 10:13:58.521 [main] INFO  org.springframework.test.context.support.AnnotationConfigContextLoaderUtils - Could not detect default configuration classes for test class [com.dms.devops.ApplicationTest]: ApplicationTest does not declare any static, non-private, non-final, nested classes annotated with @Configuration.
2017-11-28 10:13:58.524 [main] INFO  org.springframework.boot.test.context.SpringBootTestContextBootstrapper - Found @SpringBootConfiguration com.dms.devops.Application for test class com.dms.devops.ApplicationTest
2017-11-28 10:13:58.527 [main] INFO  org.springframework.boot.test.context.SpringBootTestContextBootstrapper - Loaded default TestExecutionListener class names from location [META-INF/spring.factories]: [org.springframework.boot.test.mock.mockito.MockitoTestExecutionListener, org.springframework.boot.test.mock.mockito.ResetMocksTestExecutionListener, org.springframework.boot.test.autoconfigure.restdocs.RestDocsTestExecutionListener, org.springframework.boot.test.autoconfigure.web.client.MockRestServiceServerResetTestExecutionListener, org.springframework.boot.test.autoconfigure.web.servlet.MockMvcPrintOnlyOnFailureTestExecutionListener, org.springframework.boot.test.autoconfigure.web.servlet.WebDriverTestExecutionListener, org.springframework.test.context.web.ServletTestExecutionListener, org.springframework.test.context.support.DirtiesContextBeforeModesTestExecutionListener, org.springframework.test.context.support.DependencyInjectionTestExecutionListener, org.springframework.test.context.support.DirtiesContextTestExecutionListener, org.springframework.test.context.transaction.TransactionalTestExecutionListener, org.springframework.test.context.jdbc.SqlScriptsTestExecutionListener]
2017-11-28 10:13:58.531 [main] INFO  org.springframework.boot.test.context.SpringBootTestContextBootstrapper - Could not instantiate TestExecutionListener [org.springframework.test.context.jdbc.SqlScriptsTestExecutionListener]. Specify custom listener classes or make the default listener classes (and their required dependencies) available. Offending class: [org/springframework/transaction/interceptor/TransactionAttribute]
2017-11-28 10:13:58.532 [main] INFO  org.springframework.boot.test.context.SpringBootTestContextBootstrapper - Could not instantiate TestExecutionListener [org.springframework.test.context.transaction.TransactionalTestExecutionListener]. Specify custom listener classes or make the default listener classes (and their required dependencies) available. Offending class: [org/springframework/transaction/interceptor/TransactionAttributeSource]
2017-11-28 10:13:58.533 [main] INFO  org.springframework.boot.test.context.SpringBootTestContextBootstrapper - Using TestExecutionListeners: [org.springframework.test.context.web.ServletTestExecutionListener@28f3b248, org.springframework.test.context.support.DirtiesContextBeforeModesTestExecutionListener@1b1426f4, org.springframework.boot.test.autoconfigure.SpringBootDependencyInjectionTestExecutionListener@32b260fa, org.springframework.test.context.support.DirtiesContextTestExecutionListener@581ac8a8, org.springframework.boot.test.mock.mockito.ResetMocksTestExecutionListener@6d4e5011, org.springframework.boot.test.autoconfigure.web.servlet.MockMvcPrintOnlyOnFailureTestExecutionListener@57d7f8ca, org.springframework.boot.test.mock.mockito.MockitoTestExecutionListener@76c3e77a, org.springframework.boot.test.autoconfigure.web.client.MockRestServiceServerResetTestExecutionListener@78123e82, org.springframework.boot.test.autoconfigure.web.servlet.WebDriverTestExecutionListener@67c33749, org.springframework.boot.test.autoconfigure.restdocs.RestDocsTestExecutionListener@fba92d3]
2017-11-28 10:14:09.296 [background-preinit] INFO  org.hibernate.validator.internal.util.Version - HV000001: Hibernate Validator 5.3.5.Final
2017-11-28 10:14:13.936 [main] INFO  com.dms.devops.ApplicationTest - Starting ApplicationTest on DsMac.local with PID 98398 (started by diego in /Users/diego/Documents/Projects/MicroServicesProj1/SOA-Monolith/ms_orders)
2017-11-28 10:14:13.936 [main] INFO  com.dms.devops.ApplicationTest - No active profile set, falling back to default profiles: default
2017-11-28 10:14:13.978 [main] INFO  org.springframework.web.context.support.GenericWebApplicationContext - Refreshing org.springframework.web.context.support.GenericWebApplicationContext@f627d13: startup date [Tue Nov 28 10:14:13 BRT 2017]; root of context hierarchy
2017-11-28 10:14:14.475 [main] INFO  org.springframework.beans.factory.support.DefaultListableBeanFactory - Overriding bean definition for bean 'requestContextFilter' with a different definition: replacing [Root bean: class [null]; scope=; abstract=false; lazyInit=false; autowireMode=3; dependencyCheck=0; autowireCandidate=true; primary=false; factoryBeanName=org.springframework.boot.autoconfigure.jersey.JerseyAutoConfiguration; factoryMethodName=requestContextFilter; initMethodName=null; destroyMethodName=(inferred); defined in class path resource [org/springframework/boot/autoconfigure/jersey/JerseyAutoConfiguration.class]] with [Root bean: class [org.springframework.boot.autoconfigure.web.WebMvcAutoConfiguration$WebMvcAutoConfigurationAdapter]; scope=; abstract=false; lazyInit=false; autowireMode=3; dependencyCheck=0; autowireCandidate=true; primary=false; factoryBeanName=null; factoryMethodName=requestContextFilter; initMethodName=null; destroyMethodName=(inferred); defined in class path resource [org/springframework/boot/autoconfigure/web/WebMvcAutoConfiguration$WebMvcAutoConfigurationAdapter.class]]
2017-11-28 10:14:14.778 [main] INFO  org.springframework.beans.factory.annotation.AutowiredAnnotationBeanPostProcessor - JSR-330 'javax.inject.Inject' annotation found and supported for autowiring
2017-11-28 10:14:15.740 [main] INFO  org.springframework.web.servlet.mvc.method.annotation.RequestMappingHandlerAdapter - Looking for @ControllerAdvice: org.springframework.web.context.support.GenericWebApplicationContext@f627d13: startup date [Tue Nov 28 10:14:13 BRT 2017]; root of context hierarchy
2017-11-28 10:14:15.864 [main] INFO  org.springframework.web.servlet.mvc.method.annotation.RequestMappingHandlerMapping - Mapped "{[/error]}" onto public org.springframework.http.ResponseEntity<java.util.Map<java.lang.String, java.lang.Object>> org.springframework.boot.autoconfigure.web.BasicErrorController.error(javax.servlet.http.HttpServletRequest)
2017-11-28 10:14:15.866 [main] INFO  org.springframework.web.servlet.mvc.method.annotation.RequestMappingHandlerMapping - Mapped "{[/error],produces=[text/html]}" onto public org.springframework.web.servlet.ModelAndView org.springframework.boot.autoconfigure.web.BasicErrorController.errorHtml(javax.servlet.http.HttpServletRequest,javax.servlet.http.HttpServletResponse)
2017-11-28 10:14:15.912 [main] INFO  org.springframework.web.servlet.handler.SimpleUrlHandlerMapping - Mapped URL path [/webjars/**] onto handler of type [class org.springframework.web.servlet.resource.ResourceHttpRequestHandler]
2017-11-28 10:14:15.912 [main] INFO  org.springframework.web.servlet.handler.SimpleUrlHandlerMapping - Mapped URL path [/**] onto handler of type [class org.springframework.web.servlet.resource.ResourceHttpRequestHandler]
2017-11-28 10:14:15.982 [main] INFO  org.springframework.web.servlet.handler.SimpleUrlHandlerMapping - Mapped URL path [/**/favicon.ico] onto handler of type [class org.springframework.web.servlet.resource.ResourceHttpRequestHandler]
2017-11-28 10:14:16.140 [main] INFO  com.dms.devops.ApplicationTest - Started ApplicationTest in 17.502 seconds (JVM running for 24.152)
2017-11-28 10:14:16.206 [main] INFO  org.springframework.boot.test.context.SpringBootTestContextBootstrapper - Neither @ContextConfiguration nor @ContextHierarchy found for test class [com.dms.devops.HttpRequestTest], using SpringBootContextLoader
2017-11-28 10:14:16.207 [main] INFO  org.springframework.test.context.support.AbstractContextLoader - Could not detect default resource locations for test class [com.dms.devops.HttpRequestTest]: no resource found for suffixes {-context.xml, Context.groovy}.
2017-11-28 10:14:16.208 [main] INFO  org.springframework.test.context.support.AnnotationConfigContextLoaderUtils - Could not detect default configuration classes for test class [com.dms.devops.HttpRequestTest]: HttpRequestTest does not declare any static, non-private, non-final, nested classes annotated with @Configuration.
2017-11-28 10:14:16.211 [main] INFO  org.springframework.boot.test.context.SpringBootTestContextBootstrapper - Found @SpringBootConfiguration com.dms.devops.Application for test class com.dms.devops.HttpRequestTest
2017-11-28 10:14:16.214 [main] INFO  org.springframework.boot.test.context.SpringBootTestContextBootstrapper - Loaded default TestExecutionListener class names from location [META-INF/spring.factories]: [org.springframework.boot.test.mock.mockito.MockitoTestExecutionListener, org.springframework.boot.test.mock.mockito.ResetMocksTestExecutionListener, org.springframework.boot.test.autoconfigure.restdocs.RestDocsTestExecutionListener, org.springframework.boot.test.autoconfigure.web.client.MockRestServiceServerResetTestExecutionListener, org.springframework.boot.test.autoconfigure.web.servlet.MockMvcPrintOnlyOnFailureTestExecutionListener, org.springframework.boot.test.autoconfigure.web.servlet.WebDriverTestExecutionListener, org.springframework.test.context.web.ServletTestExecutionListener, org.springframework.test.context.support.DirtiesContextBeforeModesTestExecutionListener, org.springframework.test.context.support.DependencyInjectionTestExecutionListener, org.springframework.test.context.support.DirtiesContextTestExecutionListener, org.springframework.test.context.transaction.TransactionalTestExecutionListener, org.springframework.test.context.jdbc.SqlScriptsTestExecutionListener]
2017-11-28 10:14:16.216 [main] INFO  org.springframework.boot.test.context.SpringBootTestContextBootstrapper - Could not instantiate TestExecutionListener [org.springframework.test.context.jdbc.SqlScriptsTestExecutionListener]. Specify custom listener classes or make the default listener classes (and their required dependencies) available. Offending class: [org/springframework/transaction/interceptor/TransactionAttribute]
2017-11-28 10:14:16.217 [main] INFO  org.springframework.boot.test.context.SpringBootTestContextBootstrapper - Could not instantiate TestExecutionListener [org.springframework.test.context.transaction.TransactionalTestExecutionListener]. Specify custom listener classes or make the default listener classes (and their required dependencies) available. Offending class: [org/springframework/transaction/interceptor/TransactionAttributeSource]
2017-11-28 10:14:16.217 [main] INFO  org.springframework.boot.test.context.SpringBootTestContextBootstrapper - Using TestExecutionListeners: [org.springframework.test.context.web.ServletTestExecutionListener@3e4f80cb, org.springframework.test.context.support.DirtiesContextBeforeModesTestExecutionListener@38704ff0, org.springframework.boot.test.autoconfigure.SpringBootDependencyInjectionTestExecutionListener@16ade133, org.springframework.test.context.support.DirtiesContextTestExecutionListener@4e61e4c2, org.springframework.boot.test.mock.mockito.ResetMocksTestExecutionListener@c6a6c1d, org.springframework.boot.test.autoconfigure.web.servlet.MockMvcPrintOnlyOnFailureTestExecutionListener@36dfbdaf, org.springframework.boot.test.mock.mockito.MockitoTestExecutionListener@4f82663e, org.springframework.boot.test.autoconfigure.web.client.MockRestServiceServerResetTestExecutionListener@e04ccf8, org.springframework.boot.test.autoconfigure.web.servlet.WebDriverTestExecutionListener@51d143a1, org.springframework.boot.test.autoconfigure.restdocs.RestDocsTestExecutionListener@1a28aef1]
2017-11-28 10:14:26.291 [main] INFO  com.dms.devops.HttpRequestTest - Starting HttpRequestTest on DsMac.local with PID 98398 (started by diego in /Users/diego/Documents/Projects/MicroServicesProj1/SOA-Monolith/ms_orders)
2017-11-28 10:14:26.292 [main] INFO  com.dms.devops.HttpRequestTest - No active profile set, falling back to default profiles: default
2017-11-28 10:14:26.295 [main] INFO  org.springframework.boot.context.embedded.AnnotationConfigEmbeddedWebApplicationContext - Refreshing org.springframework.boot.context.embedded.AnnotationConfigEmbeddedWebApplicationContext@889d9e8: startup date [Tue Nov 28 10:14:26 BRT 2017]; root of context hierarchy
2017-11-28 10:14:26.454 [main] INFO  org.springframework.beans.factory.support.DefaultListableBeanFactory - Overriding bean definition for bean 'requestContextFilter' with a different definition: replacing [Root bean: class [null]; scope=; abstract=false; lazyInit=false; autowireMode=3; dependencyCheck=0; autowireCandidate=true; primary=false; factoryBeanName=org.springframework.boot.autoconfigure.jersey.JerseyAutoConfiguration; factoryMethodName=requestContextFilter; initMethodName=null; destroyMethodName=(inferred); defined in class path resource [org/springframework/boot/autoconfigure/jersey/JerseyAutoConfiguration.class]] with [Root bean: class [org.springframework.boot.autoconfigure.web.WebMvcAutoConfiguration$WebMvcAutoConfigurationAdapter]; scope=; abstract=false; lazyInit=false; autowireMode=3; dependencyCheck=0; autowireCandidate=true; primary=false; factoryBeanName=null; factoryMethodName=requestContextFilter; initMethodName=null; destroyMethodName=(inferred); defined in class path resource [org/springframework/boot/autoconfigure/web/WebMvcAutoConfiguration$WebMvcAutoConfigurationAdapter.class]]
2017-11-28 10:14:26.486 [main] INFO  org.springframework.beans.factory.annotation.AutowiredAnnotationBeanPostProcessor - JSR-330 'javax.inject.Inject' annotation found and supported for autowiring
2017-11-28 10:14:26.835 [main] INFO  org.springframework.boot.context.embedded.tomcat.TomcatEmbeddedServletContainer - Tomcat initialized with port(s): 0 (http)
2017-11-28 10:14:26.852 [main] INFO  org.apache.catalina.core.StandardService - Starting service [Tomcat]
2017-11-28 10:14:26.854 [main] INFO  org.apache.catalina.core.StandardEngine - Starting Servlet Engine: Apache Tomcat/8.5.23
2017-11-28 10:14:27.002 [localhost-startStop-1] INFO  org.apache.catalina.core.ContainerBase.[Tomcat].[localhost].[/] - Initializing Spring embedded WebApplicationContext
2017-11-28 10:14:27.003 [localhost-startStop-1] INFO  org.springframework.web.context.ContextLoader - Root WebApplicationContext: initialization completed in 708 ms
2017-11-28 10:14:27.173 [localhost-startStop-1] INFO  org.springframework.boot.web.servlet.ServletRegistrationBean - Mapping servlet: 'com.dms.devops.ApplicationConfig$JerseyConfig' to [/*]
2017-11-28 10:14:27.175 [localhost-startStop-1] INFO  org.springframework.boot.web.servlet.ServletRegistrationBean - Mapping servlet: 'dispatcherServlet' to [/]
2017-11-28 10:14:27.179 [localhost-startStop-1] INFO  org.springframework.boot.web.servlet.FilterRegistrationBean - Mapping filter: 'characterEncodingFilter' to: [/*]
2017-11-28 10:14:27.179 [localhost-startStop-1] INFO  org.springframework.boot.web.servlet.FilterRegistrationBean - Mapping filter: 'hiddenHttpMethodFilter' to: [/*]
2017-11-28 10:14:27.180 [localhost-startStop-1] INFO  org.springframework.boot.web.servlet.FilterRegistrationBean - Mapping filter: 'httpPutFormContentFilter' to: [/*]
2017-11-28 10:14:27.180 [localhost-startStop-1] INFO  org.springframework.boot.web.servlet.FilterRegistrationBean - Mapping filter: 'requestContextFilter' to: [/*]
2017-11-28 10:14:27.376 [main] INFO  org.springframework.web.servlet.mvc.method.annotation.RequestMappingHandlerAdapter - Looking for @ControllerAdvice: org.springframework.boot.context.embedded.AnnotationConfigEmbeddedWebApplicationContext@889d9e8: startup date [Tue Nov 28 10:14:26 BRT 2017]; root of context hierarchy
2017-11-28 10:14:27.401 [main] INFO  org.springframework.web.servlet.mvc.method.annotation.RequestMappingHandlerMapping - Mapped "{[/error]}" onto public org.springframework.http.ResponseEntity<java.util.Map<java.lang.String, java.lang.Object>> org.springframework.boot.autoconfigure.web.BasicErrorController.error(javax.servlet.http.HttpServletRequest)
2017-11-28 10:14:27.401 [main] INFO  org.springframework.web.servlet.mvc.method.annotation.RequestMappingHandlerMapping - Mapped "{[/error],produces=[text/html]}" onto public org.springframework.web.servlet.ModelAndView org.springframework.boot.autoconfigure.web.BasicErrorController.errorHtml(javax.servlet.http.HttpServletRequest,javax.servlet.http.HttpServletResponse)
2017-11-28 10:14:27.464 [main] INFO  org.springframework.web.servlet.handler.SimpleUrlHandlerMapping - Mapped URL path [/webjars/**] onto handler of type [class org.springframework.web.servlet.resource.ResourceHttpRequestHandler]
2017-11-28 10:14:27.464 [main] INFO  org.springframework.web.servlet.handler.SimpleUrlHandlerMapping - Mapped URL path [/**] onto handler of type [class org.springframework.web.servlet.resource.ResourceHttpRequestHandler]
2017-11-28 10:14:27.500 [main] INFO  org.springframework.web.servlet.handler.SimpleUrlHandlerMapping - Mapped URL path [/**/favicon.ico] onto handler of type [class org.springframework.web.servlet.resource.ResourceHttpRequestHandler]
2017-11-28 10:14:27.590 [main] INFO  org.apache.coyote.http11.Http11NioProtocol - Initializing ProtocolHandler ["http-nio-auto-1"]
2017-11-28 10:14:27.605 [main] INFO  org.apache.coyote.http11.Http11NioProtocol - Starting ProtocolHandler ["http-nio-auto-1"]
2017-11-28 10:14:27.636 [main] INFO  org.apache.tomcat.util.net.NioSelectorPool - Using a shared selector for servlet write/read
2017-11-28 10:14:27.660 [main] INFO  org.springframework.boot.context.embedded.tomcat.TomcatEmbeddedServletContainer - Tomcat started on port(s): 53473 (http)
2017-11-28 10:14:27.664 [main] INFO  com.dms.devops.HttpRequestTest - Started HttpRequestTest in 11.436 seconds (JVM running for 35.675)
2017-11-28 10:14:27.672 [main] INFO  com.dms.devops.rest.PedidoRestService - 

>>> MS_Orders: HttpRequestTest: testAddPedido:

2017-11-28 10:14:29.055 [http-nio-auto-1-exec-1] INFO  com.dms.devops.rest.PedidoRestService - 

>PedidoRestService: adicionaItemPedido: 

2017-11-28 10:14:29.056 [http-nio-auto-1-exec-1] INFO  com.dms.devops.rest.PedidoRestService - 

>O cliente 0 adicionou o produto 0 ao pedido 0

2017-11-28 10:14:29.097 [main] INFO  com.dms.devops.rest.PedidoRestService - 

>>> MS_Orders: HttpRequestTest: ./testAddPedido:
 OK. We were able to create a Pedido.

2017-11-28 10:14:29.101 [main] INFO  com.dms.devops.rest.PedidoRestService - 

>>> MS_Orders: HttpRequestTest: testGetPedidos:

2017-11-28 10:14:29.109 [http-nio-auto-1-exec-2] INFO  com.dms.devops.rest.PedidoRestService - 

>PedidoRestService: buscarPedidos: 

2017-11-28 10:14:29.113 [main] INFO  com.dms.devops.rest.PedidoRestService - 

>>> MS_Orders: HttpRequestTest: ./testGetPedidos:
 OK. We were able to get a list of Pedidos.

2017-11-28 10:14:29.117 [main] INFO  com.dms.devops.rest.PedidoRestService - 

>>> MS_Orders: HttpRequestTest: testGetPedidoByCliente:

2017-11-28 10:14:29.122 [http-nio-auto-1-exec-3] INFO  com.dms.devops.rest.PedidoRestService - 

>PedidoRestService: buscarPedidosPorCliente: 
0
2017-11-28 10:14:29.122 [http-nio-auto-1-exec-3] INFO  com.dms.devops.rest.PedidoRestService - 

>Cliente 0 possui 1 pedidos

2017-11-28 10:14:29.124 [main] INFO  com.dms.devops.rest.PedidoRestService - 

>>> MS_Orders: HttpRequestTest: ./testGetPedidoByCliente:
 OK. We got the Cliente's Pedidos.

2017-11-28 10:14:29.127 [main] INFO  com.dms.devops.rest.PedidoRestService - 

>>> MS_Orders: HttpRequestTest: testPayPedido

2017-11-28 10:14:29.131 [http-nio-auto-1-exec-4] INFO  com.dms.devops.rest.PedidoRestService - 

>PedidoRestService: pagaPedido: 

2017-11-28 10:14:29.131 [http-nio-auto-1-exec-4] INFO  com.dms.devops.rest.PedidoRestService - 

>Pedido 0 efetivado

2017-11-28 10:14:29.134 [main] INFO  com.dms.devops.rest.PedidoRestService - 

>>> MS_Orders: HttpRequestTest: ./testPayPedido
 OK. The status of the Pedido was updated to CONCLUIDO.
2017-11-28 10:14:29.137 [main] INFO  com.dms.devops.rest.PedidoRestService - 

>>> MS_Orders: HttpRequestTest: testCancelPedido

2017-11-28 10:14:29.141 [http-nio-auto-1-exec-5] INFO  com.dms.devops.rest.PedidoRestService - 

>PedidoRestService: cancelaPedido: 

2017-11-28 10:14:29.141 [http-nio-auto-1-exec-5] INFO  com.dms.devops.rest.PedidoRestService - 

>Pedido 0 cancelado

2017-11-28 10:14:29.144 [main] INFO  com.dms.devops.rest.PedidoRestService - 

>>> MS_Orders: HttpRequestTest: ./testCancelPedido
 OK. The status of the Pedido was updated to CANCELADO.
2017-11-28 10:14:29.147 [main] INFO  com.dms.devops.rest.PedidoRestService - 

>>> MS_Orders: HttpRequestTest: testRemoveItemPedido:

2017-11-28 10:14:29.155 [http-nio-auto-1-exec-6] INFO  com.dms.devops.rest.PedidoRestService - 

>PedidoRestService: removeItemPedido: 
0
2017-11-28 10:14:29.155 [http-nio-auto-1-exec-6] INFO  com.dms.devops.rest.PedidoRestService - 

>O cliente 0 removeu o produto 0 do pedido 0

2017-11-28 10:14:29.157 [main] INFO  com.dms.devops.rest.PedidoRestService - 

>>> MS_Orders: HttpRequestTest: ./testRemoveItemPedido:
 OK. We were able to remove an item from the Pedido.

2017-11-28 10:14:29.160 [main] INFO  org.springframework.boot.test.context.SpringBootTestContextBootstrapper - Neither @ContextConfiguration nor @ContextHierarchy found for test class [com.dms.devops.SmokeTest], using SpringBootContextLoader
2017-11-28 10:14:29.161 [main] INFO  org.springframework.test.context.support.AbstractContextLoader - Could not detect default resource locations for test class [com.dms.devops.SmokeTest]: no resource found for suffixes {-context.xml, Context.groovy}.
2017-11-28 10:14:29.161 [main] INFO  org.springframework.test.context.support.AnnotationConfigContextLoaderUtils - Could not detect default configuration classes for test class [com.dms.devops.SmokeTest]: SmokeTest does not declare any static, non-private, non-final, nested classes annotated with @Configuration.
2017-11-28 10:14:29.164 [main] INFO  org.springframework.boot.test.context.SpringBootTestContextBootstrapper - Found @SpringBootConfiguration com.dms.devops.Application for test class com.dms.devops.SmokeTest
2017-11-28 10:14:29.166 [main] INFO  org.springframework.boot.test.context.SpringBootTestContextBootstrapper - Loaded default TestExecutionListener class names from location [META-INF/spring.factories]: [org.springframework.boot.test.mock.mockito.MockitoTestExecutionListener, org.springframework.boot.test.mock.mockito.ResetMocksTestExecutionListener, org.springframework.boot.test.autoconfigure.restdocs.RestDocsTestExecutionListener, org.springframework.boot.test.autoconfigure.web.client.MockRestServiceServerResetTestExecutionListener, org.springframework.boot.test.autoconfigure.web.servlet.MockMvcPrintOnlyOnFailureTestExecutionListener, org.springframework.boot.test.autoconfigure.web.servlet.WebDriverTestExecutionListener, org.springframework.test.context.web.ServletTestExecutionListener, org.springframework.test.context.support.DirtiesContextBeforeModesTestExecutionListener, org.springframework.test.context.support.DependencyInjectionTestExecutionListener, org.springframework.test.context.support.DirtiesContextTestExecutionListener, org.springframework.test.context.transaction.TransactionalTestExecutionListener, org.springframework.test.context.jdbc.SqlScriptsTestExecutionListener]
2017-11-28 10:14:29.168 [main] INFO  org.springframework.boot.test.context.SpringBootTestContextBootstrapper - Could not instantiate TestExecutionListener [org.springframework.test.context.jdbc.SqlScriptsTestExecutionListener]. Specify custom listener classes or make the default listener classes (and their required dependencies) available. Offending class: [org/springframework/transaction/interceptor/TransactionAttribute]
2017-11-28 10:14:29.169 [main] INFO  org.springframework.boot.test.context.SpringBootTestContextBootstrapper - Could not instantiate TestExecutionListener [org.springframework.test.context.transaction.TransactionalTestExecutionListener]. Specify custom listener classes or make the default listener classes (and their required dependencies) available. Offending class: [org/springframework/transaction/interceptor/TransactionAttributeSource]
2017-11-28 10:14:29.169 [main] INFO  org.springframework.boot.test.context.SpringBootTestContextBootstrapper - Using TestExecutionListeners: [org.springframework.test.context.web.ServletTestExecutionListener@65bdd558, org.springframework.test.context.support.DirtiesContextBeforeModesTestExecutionListener@1dba4e06, org.springframework.boot.test.autoconfigure.SpringBootDependencyInjectionTestExecutionListener@4beaf6bd, org.springframework.test.context.support.DirtiesContextTestExecutionListener@6b2e46af, org.springframework.boot.test.mock.mockito.ResetMocksTestExecutionListener@60325987, org.springframework.boot.test.autoconfigure.web.servlet.MockMvcPrintOnlyOnFailureTestExecutionListener@2f37f1f9, org.springframework.boot.test.mock.mockito.MockitoTestExecutionListener@3374b5bc, org.springframework.boot.test.autoconfigure.web.client.MockRestServiceServerResetTestExecutionListener@2af69643, org.springframework.boot.test.autoconfigure.web.servlet.WebDriverTestExecutionListener@587a1cfb, org.springframework.boot.test.autoconfigure.restdocs.RestDocsTestExecutionListener@48528634]
2017-11-28 10:14:29.249 [Thread-2] INFO  org.springframework.web.context.support.GenericWebApplicationContext - Closing org.springframework.web.context.support.GenericWebApplicationContext@f627d13: startup date [Tue Nov 28 10:14:13 BRT 2017]; root of context hierarchy
2017-11-28 10:14:29.249 [Thread-5] INFO  org.springframework.boot.context.embedded.AnnotationConfigEmbeddedWebApplicationContext - Closing org.springframework.boot.context.embedded.AnnotationConfigEmbeddedWebApplicationContext@889d9e8: startup date [Tue Nov 28 10:14:26 BRT 2017]; root of context hierarchy
