2017-11-25 23:17:44.270 [main] INFO  org.springframework.boot.test.context.SpringBootTestContextBootstrapper - Neither @ContextConfiguration nor @ContextHierarchy found for test class [com.dms.devops.ApplicationTest], using SpringBootContextLoader
2017-11-25 23:17:44.314 [main] INFO  org.springframework.test.context.support.AbstractContextLoader - Could not detect default resource locations for test class [com.dms.devops.ApplicationTest]: no resource found for suffixes {-context.xml, Context.groovy}.
2017-11-25 23:17:44.323 [main] INFO  org.springframework.test.context.support.AnnotationConfigContextLoaderUtils - Could not detect default configuration classes for test class [com.dms.devops.ApplicationTest]: ApplicationTest does not declare any static, non-private, non-final, nested classes annotated with @Configuration.
2017-11-25 23:17:44.415 [main] INFO  org.springframework.boot.test.context.SpringBootTestContextBootstrapper - Found @SpringBootConfiguration com.dms.devops.Application for test class com.dms.devops.ApplicationTest
2017-11-25 23:17:44.421 [main] INFO  org.springframework.boot.test.context.SpringBootTestContextBootstrapper - Loaded default TestExecutionListener class names from location [META-INF/spring.factories]: [org.springframework.boot.test.mock.mockito.MockitoTestExecutionListener, org.springframework.boot.test.mock.mockito.ResetMocksTestExecutionListener, org.springframework.boot.test.autoconfigure.restdocs.RestDocsTestExecutionListener, org.springframework.boot.test.autoconfigure.web.client.MockRestServiceServerResetTestExecutionListener, org.springframework.boot.test.autoconfigure.web.servlet.MockMvcPrintOnlyOnFailureTestExecutionListener, org.springframework.boot.test.autoconfigure.web.servlet.WebDriverTestExecutionListener, org.springframework.test.context.web.ServletTestExecutionListener, org.springframework.test.context.support.DirtiesContextBeforeModesTestExecutionListener, org.springframework.test.context.support.DependencyInjectionTestExecutionListener, org.springframework.test.context.support.DirtiesContextTestExecutionListener, org.springframework.test.context.transaction.TransactionalTestExecutionListener, org.springframework.test.context.jdbc.SqlScriptsTestExecutionListener]
2017-11-25 23:17:44.434 [main] INFO  org.springframework.boot.test.context.SpringBootTestContextBootstrapper - Could not instantiate TestExecutionListener [org.springframework.test.context.transaction.TransactionalTestExecutionListener]. Specify custom listener classes or make the default listener classes (and their required dependencies) available. Offending class: [org/springframework/transaction/interceptor/TransactionAttributeSource]
2017-11-25 23:17:44.438 [main] INFO  org.springframework.boot.test.context.SpringBootTestContextBootstrapper - Could not instantiate TestExecutionListener [org.springframework.test.context.jdbc.SqlScriptsTestExecutionListener]. Specify custom listener classes or make the default listener classes (and their required dependencies) available. Offending class: [org/springframework/transaction/interceptor/TransactionAttribute]
2017-11-25 23:17:44.439 [main] INFO  org.springframework.boot.test.context.SpringBootTestContextBootstrapper - Using TestExecutionListeners: [org.springframework.test.context.web.ServletTestExecutionListener@378542de, org.springframework.test.context.support.DirtiesContextBeforeModesTestExecutionListener@3738449f, org.springframework.boot.test.autoconfigure.SpringBootDependencyInjectionTestExecutionListener@69e1dd28, org.springframework.test.context.support.DirtiesContextTestExecutionListener@11bd0f3b, org.springframework.boot.test.mock.mockito.ResetMocksTestExecutionListener@c333c60, org.springframework.boot.test.autoconfigure.web.servlet.MockMvcPrintOnlyOnFailureTestExecutionListener@79da8dc5, org.springframework.boot.test.autoconfigure.web.servlet.WebDriverTestExecutionListener@1eb5174b, org.springframework.boot.test.autoconfigure.restdocs.RestDocsTestExecutionListener@67080771, org.springframework.boot.test.autoconfigure.web.client.MockRestServiceServerResetTestExecutionListener@72cde7cc, org.springframework.boot.test.mock.mockito.MockitoTestExecutionListener@5fd4f8f5]
2017-11-25 23:17:44.448 [main] INFO  org.springframework.boot.test.context.SpringBootTestContextBootstrapper - Neither @ContextConfiguration nor @ContextHierarchy found for test class [com.dms.devops.HttpRequestTest], using SpringBootContextLoader
2017-11-25 23:17:44.450 [main] INFO  org.springframework.test.context.support.AbstractContextLoader - Could not detect default resource locations for test class [com.dms.devops.HttpRequestTest]: no resource found for suffixes {-context.xml, Context.groovy}.
2017-11-25 23:17:44.452 [main] INFO  org.springframework.test.context.support.AnnotationConfigContextLoaderUtils - Could not detect default configuration classes for test class [com.dms.devops.HttpRequestTest]: HttpRequestTest does not declare any static, non-private, non-final, nested classes annotated with @Configuration.
2017-11-25 23:17:44.464 [main] INFO  org.springframework.boot.test.context.SpringBootTestContextBootstrapper - Found @SpringBootConfiguration com.dms.devops.Application for test class com.dms.devops.HttpRequestTest
2017-11-25 23:17:44.470 [main] INFO  org.springframework.boot.test.context.SpringBootTestContextBootstrapper - Loaded default TestExecutionListener class names from location [META-INF/spring.factories]: [org.springframework.boot.test.mock.mockito.MockitoTestExecutionListener, org.springframework.boot.test.mock.mockito.ResetMocksTestExecutionListener, org.springframework.boot.test.autoconfigure.restdocs.RestDocsTestExecutionListener, org.springframework.boot.test.autoconfigure.web.client.MockRestServiceServerResetTestExecutionListener, org.springframework.boot.test.autoconfigure.web.servlet.MockMvcPrintOnlyOnFailureTestExecutionListener, org.springframework.boot.test.autoconfigure.web.servlet.WebDriverTestExecutionListener, org.springframework.test.context.web.ServletTestExecutionListener, org.springframework.test.context.support.DirtiesContextBeforeModesTestExecutionListener, org.springframework.test.context.support.DependencyInjectionTestExecutionListener, org.springframework.test.context.support.DirtiesContextTestExecutionListener, org.springframework.test.context.transaction.TransactionalTestExecutionListener, org.springframework.test.context.jdbc.SqlScriptsTestExecutionListener]
2017-11-25 23:17:44.474 [main] INFO  org.springframework.boot.test.context.SpringBootTestContextBootstrapper - Could not instantiate TestExecutionListener [org.springframework.test.context.transaction.TransactionalTestExecutionListener]. Specify custom listener classes or make the default listener classes (and their required dependencies) available. Offending class: [org/springframework/transaction/interceptor/TransactionAttributeSource]
2017-11-25 23:17:44.476 [main] INFO  org.springframework.boot.test.context.SpringBootTestContextBootstrapper - Could not instantiate TestExecutionListener [org.springframework.test.context.jdbc.SqlScriptsTestExecutionListener]. Specify custom listener classes or make the default listener classes (and their required dependencies) available. Offending class: [org/springframework/transaction/interceptor/TransactionAttribute]
2017-11-25 23:17:44.477 [main] INFO  org.springframework.boot.test.context.SpringBootTestContextBootstrapper - Using TestExecutionListeners: [org.springframework.test.context.web.ServletTestExecutionListener@2b48a640, org.springframework.test.context.support.DirtiesContextBeforeModesTestExecutionListener@1e683a3e, org.springframework.boot.test.autoconfigure.SpringBootDependencyInjectionTestExecutionListener@2053d869, org.springframework.test.context.support.DirtiesContextTestExecutionListener@7a419da4, org.springframework.boot.test.mock.mockito.ResetMocksTestExecutionListener@14555e0a, org.springframework.boot.test.autoconfigure.web.servlet.MockMvcPrintOnlyOnFailureTestExecutionListener@4bb33f74, org.springframework.boot.test.autoconfigure.web.servlet.WebDriverTestExecutionListener@759d26fb, org.springframework.boot.test.autoconfigure.restdocs.RestDocsTestExecutionListener@3c73951, org.springframework.boot.test.autoconfigure.web.client.MockRestServiceServerResetTestExecutionListener@3d5c822d, org.springframework.boot.test.mock.mockito.MockitoTestExecutionListener@6f46426d]
2017-11-25 23:17:44.480 [main] INFO  org.springframework.boot.test.context.SpringBootTestContextBootstrapper - Neither @ContextConfiguration nor @ContextHierarchy found for test class [com.dms.devops.SmokeTest], using SpringBootContextLoader
2017-11-25 23:17:44.482 [main] INFO  org.springframework.test.context.support.AbstractContextLoader - Could not detect default resource locations for test class [com.dms.devops.SmokeTest]: no resource found for suffixes {-context.xml, Context.groovy}.
2017-11-25 23:17:44.484 [main] INFO  org.springframework.test.context.support.AnnotationConfigContextLoaderUtils - Could not detect default configuration classes for test class [com.dms.devops.SmokeTest]: SmokeTest does not declare any static, non-private, non-final, nested classes annotated with @Configuration.
2017-11-25 23:17:44.487 [main] INFO  org.springframework.boot.test.context.SpringBootTestContextBootstrapper - Found @SpringBootConfiguration com.dms.devops.Application for test class com.dms.devops.SmokeTest
2017-11-25 23:17:44.491 [main] INFO  org.springframework.boot.test.context.SpringBootTestContextBootstrapper - Loaded default TestExecutionListener class names from location [META-INF/spring.factories]: [org.springframework.boot.test.mock.mockito.MockitoTestExecutionListener, org.springframework.boot.test.mock.mockito.ResetMocksTestExecutionListener, org.springframework.boot.test.autoconfigure.restdocs.RestDocsTestExecutionListener, org.springframework.boot.test.autoconfigure.web.client.MockRestServiceServerResetTestExecutionListener, org.springframework.boot.test.autoconfigure.web.servlet.MockMvcPrintOnlyOnFailureTestExecutionListener, org.springframework.boot.test.autoconfigure.web.servlet.WebDriverTestExecutionListener, org.springframework.test.context.web.ServletTestExecutionListener, org.springframework.test.context.support.DirtiesContextBeforeModesTestExecutionListener, org.springframework.test.context.support.DependencyInjectionTestExecutionListener, org.springframework.test.context.support.DirtiesContextTestExecutionListener, org.springframework.test.context.transaction.TransactionalTestExecutionListener, org.springframework.test.context.jdbc.SqlScriptsTestExecutionListener]
2017-11-25 23:17:44.497 [main] INFO  org.springframework.boot.test.context.SpringBootTestContextBootstrapper - Could not instantiate TestExecutionListener [org.springframework.test.context.transaction.TransactionalTestExecutionListener]. Specify custom listener classes or make the default listener classes (and their required dependencies) available. Offending class: [org/springframework/transaction/interceptor/TransactionAttributeSource]
2017-11-25 23:17:44.500 [main] INFO  org.springframework.boot.test.context.SpringBootTestContextBootstrapper - Could not instantiate TestExecutionListener [org.springframework.test.context.jdbc.SqlScriptsTestExecutionListener]. Specify custom listener classes or make the default listener classes (and their required dependencies) available. Offending class: [org/springframework/transaction/interceptor/TransactionAttribute]
2017-11-25 23:17:44.501 [main] INFO  org.springframework.boot.test.context.SpringBootTestContextBootstrapper - Using TestExecutionListeners: [org.springframework.test.context.web.ServletTestExecutionListener@169e6180, org.springframework.test.context.support.DirtiesContextBeforeModesTestExecutionListener@35aea049, org.springframework.boot.test.autoconfigure.SpringBootDependencyInjectionTestExecutionListener@7205765b, org.springframework.test.context.support.DirtiesContextTestExecutionListener@47987356, org.springframework.boot.test.mock.mockito.ResetMocksTestExecutionListener@22ef9844, org.springframework.boot.test.autoconfigure.web.servlet.MockMvcPrintOnlyOnFailureTestExecutionListener@6283d8b8, org.springframework.boot.test.autoconfigure.web.servlet.WebDriverTestExecutionListener@3b6ddd1d, org.springframework.boot.test.autoconfigure.restdocs.RestDocsTestExecutionListener@3f6b0be5, org.springframework.boot.test.autoconfigure.web.client.MockRestServiceServerResetTestExecutionListener@611889f4, org.springframework.boot.test.mock.mockito.MockitoTestExecutionListener@1da2cb77]
2017-11-25 23:17:44.509 [main] INFO  org.springframework.boot.test.context.SpringBootTestContextBootstrapper - Neither @ContextConfiguration nor @ContextHierarchy found for test class [com.dms.devops.ApplicationTest], using SpringBootContextLoader
2017-11-25 23:17:44.512 [main] INFO  org.springframework.test.context.support.AbstractContextLoader - Could not detect default resource locations for test class [com.dms.devops.ApplicationTest]: no resource found for suffixes {-context.xml, Context.groovy}.
2017-11-25 23:17:44.513 [main] INFO  org.springframework.test.context.support.AnnotationConfigContextLoaderUtils - Could not detect default configuration classes for test class [com.dms.devops.ApplicationTest]: ApplicationTest does not declare any static, non-private, non-final, nested classes annotated with @Configuration.
2017-11-25 23:17:44.516 [main] INFO  org.springframework.boot.test.context.SpringBootTestContextBootstrapper - Found @SpringBootConfiguration com.dms.devops.Application for test class com.dms.devops.ApplicationTest
2017-11-25 23:17:44.520 [main] INFO  org.springframework.boot.test.context.SpringBootTestContextBootstrapper - Loaded default TestExecutionListener class names from location [META-INF/spring.factories]: [org.springframework.boot.test.mock.mockito.MockitoTestExecutionListener, org.springframework.boot.test.mock.mockito.ResetMocksTestExecutionListener, org.springframework.boot.test.autoconfigure.restdocs.RestDocsTestExecutionListener, org.springframework.boot.test.autoconfigure.web.client.MockRestServiceServerResetTestExecutionListener, org.springframework.boot.test.autoconfigure.web.servlet.MockMvcPrintOnlyOnFailureTestExecutionListener, org.springframework.boot.test.autoconfigure.web.servlet.WebDriverTestExecutionListener, org.springframework.test.context.web.ServletTestExecutionListener, org.springframework.test.context.support.DirtiesContextBeforeModesTestExecutionListener, org.springframework.test.context.support.DependencyInjectionTestExecutionListener, org.springframework.test.context.support.DirtiesContextTestExecutionListener, org.springframework.test.context.transaction.TransactionalTestExecutionListener, org.springframework.test.context.jdbc.SqlScriptsTestExecutionListener]
2017-11-25 23:17:44.523 [main] INFO  org.springframework.boot.test.context.SpringBootTestContextBootstrapper - Could not instantiate TestExecutionListener [org.springframework.test.context.transaction.TransactionalTestExecutionListener]. Specify custom listener classes or make the default listener classes (and their required dependencies) available. Offending class: [org/springframework/transaction/interceptor/TransactionAttributeSource]
2017-11-25 23:17:44.525 [main] INFO  org.springframework.boot.test.context.SpringBootTestContextBootstrapper - Could not instantiate TestExecutionListener [org.springframework.test.context.jdbc.SqlScriptsTestExecutionListener]. Specify custom listener classes or make the default listener classes (and their required dependencies) available. Offending class: [org/springframework/transaction/interceptor/TransactionAttribute]
2017-11-25 23:17:44.526 [main] INFO  org.springframework.boot.test.context.SpringBootTestContextBootstrapper - Using TestExecutionListeners: [org.springframework.test.context.web.ServletTestExecutionListener@957e06, org.springframework.test.context.support.DirtiesContextBeforeModesTestExecutionListener@32502377, org.springframework.boot.test.autoconfigure.SpringBootDependencyInjectionTestExecutionListener@2c1b194a, org.springframework.test.context.support.DirtiesContextTestExecutionListener@4dbb42b7, org.springframework.boot.test.mock.mockito.ResetMocksTestExecutionListener@66f57048, org.springframework.boot.test.autoconfigure.web.servlet.MockMvcPrintOnlyOnFailureTestExecutionListener@550dbc7a, org.springframework.boot.test.autoconfigure.web.servlet.WebDriverTestExecutionListener@21282ed8, org.springframework.boot.test.autoconfigure.restdocs.RestDocsTestExecutionListener@36916eb0, org.springframework.boot.test.autoconfigure.web.client.MockRestServiceServerResetTestExecutionListener@7bab3f1a, org.springframework.boot.test.mock.mockito.MockitoTestExecutionListener@437da279]
2017-11-25 23:17:55.060 [background-preinit] INFO  org.hibernate.validator.internal.util.Version - HV000001: Hibernate Validator 5.3.5.Final
2017-11-25 23:17:59.821 [main] INFO  com.dms.devops.ApplicationTest - Starting ApplicationTest on DsMac.local with PID 82738 (started by diego in /Users/diego/Documents/Projects/MicroServicesProj1/SOA-Monolith/ms_orders)
2017-11-25 23:17:59.824 [main] INFO  com.dms.devops.ApplicationTest - No active profile set, falling back to default profiles: default
2017-11-25 23:17:59.855 [main] INFO  org.springframework.web.context.support.GenericWebApplicationContext - Refreshing org.springframework.web.context.support.GenericWebApplicationContext@68f1b17f: startup date [Sat Nov 25 23:17:59 BRT 2017]; root of context hierarchy
2017-11-25 23:18:00.287 [main] INFO  org.springframework.beans.factory.support.DefaultListableBeanFactory - Overriding bean definition for bean 'requestContextFilter' with a different definition: replacing [Root bean: class [null]; scope=; abstract=false; lazyInit=false; autowireMode=3; dependencyCheck=0; autowireCandidate=true; primary=false; factoryBeanName=org.springframework.boot.autoconfigure.jersey.JerseyAutoConfiguration; factoryMethodName=requestContextFilter; initMethodName=null; destroyMethodName=(inferred); defined in class path resource [org/springframework/boot/autoconfigure/jersey/JerseyAutoConfiguration.class]] with [Root bean: class [org.springframework.boot.autoconfigure.web.WebMvcAutoConfiguration$WebMvcAutoConfigurationAdapter]; scope=; abstract=false; lazyInit=false; autowireMode=3; dependencyCheck=0; autowireCandidate=true; primary=false; factoryBeanName=null; factoryMethodName=requestContextFilter; initMethodName=null; destroyMethodName=(inferred); defined in class path resource [org/springframework/boot/autoconfigure/web/WebMvcAutoConfiguration$WebMvcAutoConfigurationAdapter.class]]
2017-11-25 23:18:00.532 [main] INFO  org.springframework.beans.factory.annotation.AutowiredAnnotationBeanPostProcessor - JSR-330 'javax.inject.Inject' annotation found and supported for autowiring
2017-11-25 23:18:01.339 [main] INFO  org.springframework.web.servlet.mvc.method.annotation.RequestMappingHandlerAdapter - Looking for @ControllerAdvice: org.springframework.web.context.support.GenericWebApplicationContext@68f1b17f: startup date [Sat Nov 25 23:17:59 BRT 2017]; root of context hierarchy
2017-11-25 23:18:01.417 [main] INFO  org.springframework.web.servlet.mvc.method.annotation.RequestMappingHandlerMapping - Mapped "{[/error]}" onto public org.springframework.http.ResponseEntity<java.util.Map<java.lang.String, java.lang.Object>> org.springframework.boot.autoconfigure.web.BasicErrorController.error(javax.servlet.http.HttpServletRequest)
2017-11-25 23:18:01.420 [main] INFO  org.springframework.web.servlet.mvc.method.annotation.RequestMappingHandlerMapping - Mapped "{[/error],produces=[text/html]}" onto public org.springframework.web.servlet.ModelAndView org.springframework.boot.autoconfigure.web.BasicErrorController.errorHtml(javax.servlet.http.HttpServletRequest,javax.servlet.http.HttpServletResponse)
2017-11-25 23:18:01.454 [main] INFO  org.springframework.web.servlet.handler.SimpleUrlHandlerMapping - Mapped URL path [/webjars/**] onto handler of type [class org.springframework.web.servlet.resource.ResourceHttpRequestHandler]
2017-11-25 23:18:01.456 [main] INFO  org.springframework.web.servlet.handler.SimpleUrlHandlerMapping - Mapped URL path [/**] onto handler of type [class org.springframework.web.servlet.resource.ResourceHttpRequestHandler]
2017-11-25 23:18:01.504 [main] INFO  org.springframework.web.servlet.handler.SimpleUrlHandlerMapping - Mapped URL path [/**/favicon.ico] onto handler of type [class org.springframework.web.servlet.resource.ResourceHttpRequestHandler]
2017-11-25 23:18:01.658 [main] INFO  com.dms.devops.ApplicationTest - Started ApplicationTest in 17.056 seconds (JVM running for 52.079)
2017-11-25 23:18:01.740 [main] INFO  org.springframework.boot.test.context.SpringBootTestContextBootstrapper - Neither @ContextConfiguration nor @ContextHierarchy found for test class [com.dms.devops.HttpRequestTest], using SpringBootContextLoader
2017-11-25 23:18:01.753 [main] INFO  org.springframework.test.context.support.AbstractContextLoader - Could not detect default resource locations for test class [com.dms.devops.HttpRequestTest]: no resource found for suffixes {-context.xml, Context.groovy}.
2017-11-25 23:18:01.754 [main] INFO  org.springframework.test.context.support.AnnotationConfigContextLoaderUtils - Could not detect default configuration classes for test class [com.dms.devops.HttpRequestTest]: HttpRequestTest does not declare any static, non-private, non-final, nested classes annotated with @Configuration.
2017-11-25 23:18:01.759 [main] INFO  org.springframework.boot.test.context.SpringBootTestContextBootstrapper - Found @SpringBootConfiguration com.dms.devops.Application for test class com.dms.devops.HttpRequestTest
2017-11-25 23:18:01.763 [main] INFO  org.springframework.boot.test.context.SpringBootTestContextBootstrapper - Loaded default TestExecutionListener class names from location [META-INF/spring.factories]: [org.springframework.boot.test.mock.mockito.MockitoTestExecutionListener, org.springframework.boot.test.mock.mockito.ResetMocksTestExecutionListener, org.springframework.boot.test.autoconfigure.restdocs.RestDocsTestExecutionListener, org.springframework.boot.test.autoconfigure.web.client.MockRestServiceServerResetTestExecutionListener, org.springframework.boot.test.autoconfigure.web.servlet.MockMvcPrintOnlyOnFailureTestExecutionListener, org.springframework.boot.test.autoconfigure.web.servlet.WebDriverTestExecutionListener, org.springframework.test.context.web.ServletTestExecutionListener, org.springframework.test.context.support.DirtiesContextBeforeModesTestExecutionListener, org.springframework.test.context.support.DependencyInjectionTestExecutionListener, org.springframework.test.context.support.DirtiesContextTestExecutionListener, org.springframework.test.context.transaction.TransactionalTestExecutionListener, org.springframework.test.context.jdbc.SqlScriptsTestExecutionListener]
2017-11-25 23:18:01.766 [main] INFO  org.springframework.boot.test.context.SpringBootTestContextBootstrapper - Could not instantiate TestExecutionListener [org.springframework.test.context.transaction.TransactionalTestExecutionListener]. Specify custom listener classes or make the default listener classes (and their required dependencies) available. Offending class: [org/springframework/transaction/interceptor/TransactionAttributeSource]
2017-11-25 23:18:01.768 [main] INFO  org.springframework.boot.test.context.SpringBootTestContextBootstrapper - Could not instantiate TestExecutionListener [org.springframework.test.context.jdbc.SqlScriptsTestExecutionListener]. Specify custom listener classes or make the default listener classes (and their required dependencies) available. Offending class: [org/springframework/transaction/interceptor/TransactionAttribute]
2017-11-25 23:18:01.771 [main] INFO  org.springframework.boot.test.context.SpringBootTestContextBootstrapper - Using TestExecutionListeners: [org.springframework.test.context.web.ServletTestExecutionListener@7ce7e83c, org.springframework.test.context.support.DirtiesContextBeforeModesTestExecutionListener@4a05d8ae, org.springframework.boot.test.autoconfigure.SpringBootDependencyInjectionTestExecutionListener@3c904f1e, org.springframework.test.context.support.DirtiesContextTestExecutionListener@4eb30d44, org.springframework.boot.test.mock.mockito.ResetMocksTestExecutionListener@d56aaa6, org.springframework.boot.test.autoconfigure.web.servlet.MockMvcPrintOnlyOnFailureTestExecutionListener@6972c30a, org.springframework.boot.test.autoconfigure.web.servlet.WebDriverTestExecutionListener@57a48985, org.springframework.boot.test.autoconfigure.restdocs.RestDocsTestExecutionListener@1ab6718, org.springframework.boot.test.autoconfigure.web.client.MockRestServiceServerResetTestExecutionListener@3910fe11, org.springframework.boot.test.mock.mockito.MockitoTestExecutionListener@460510aa]
2017-11-25 23:18:11.839 [main] INFO  com.dms.devops.HttpRequestTest - Starting HttpRequestTest on DsMac.local with PID 82738 (started by diego in /Users/diego/Documents/Projects/MicroServicesProj1/SOA-Monolith/ms_orders)
2017-11-25 23:18:11.842 [main] INFO  com.dms.devops.HttpRequestTest - No active profile set, falling back to default profiles: default
2017-11-25 23:18:11.845 [main] INFO  org.springframework.boot.context.embedded.AnnotationConfigEmbeddedWebApplicationContext - Refreshing org.springframework.boot.context.embedded.AnnotationConfigEmbeddedWebApplicationContext@1e008f36: startup date [Sat Nov 25 23:18:11 BRT 2017]; root of context hierarchy
2017-11-25 23:18:12.008 [main] INFO  org.springframework.beans.factory.support.DefaultListableBeanFactory - Overriding bean definition for bean 'requestContextFilter' with a different definition: replacing [Root bean: class [null]; scope=; abstract=false; lazyInit=false; autowireMode=3; dependencyCheck=0; autowireCandidate=true; primary=false; factoryBeanName=org.springframework.boot.autoconfigure.jersey.JerseyAutoConfiguration; factoryMethodName=requestContextFilter; initMethodName=null; destroyMethodName=(inferred); defined in class path resource [org/springframework/boot/autoconfigure/jersey/JerseyAutoConfiguration.class]] with [Root bean: class [org.springframework.boot.autoconfigure.web.WebMvcAutoConfiguration$WebMvcAutoConfigurationAdapter]; scope=; abstract=false; lazyInit=false; autowireMode=3; dependencyCheck=0; autowireCandidate=true; primary=false; factoryBeanName=null; factoryMethodName=requestContextFilter; initMethodName=null; destroyMethodName=(inferred); defined in class path resource [org/springframework/boot/autoconfigure/web/WebMvcAutoConfiguration$WebMvcAutoConfigurationAdapter.class]]
2017-11-25 23:18:12.041 [main] INFO  org.springframework.beans.factory.annotation.AutowiredAnnotationBeanPostProcessor - JSR-330 'javax.inject.Inject' annotation found and supported for autowiring
2017-11-25 23:18:12.352 [main] INFO  org.springframework.boot.context.embedded.tomcat.TomcatEmbeddedServletContainer - Tomcat initialized with port(s): 0 (http)
2017-11-25 23:18:12.374 [main] INFO  org.apache.catalina.core.StandardService - Starting service [Tomcat]
2017-11-25 23:18:12.378 [main] INFO  org.apache.catalina.core.StandardEngine - Starting Servlet Engine: Apache Tomcat/8.5.23
2017-11-25 23:18:12.505 [localhost-startStop-1] INFO  org.apache.catalina.core.ContainerBase.[Tomcat].[localhost].[/] - Initializing Spring embedded WebApplicationContext
2017-11-25 23:18:12.509 [localhost-startStop-1] INFO  org.springframework.web.context.ContextLoader - Root WebApplicationContext: initialization completed in 664 ms
2017-11-25 23:18:12.674 [localhost-startStop-1] INFO  org.springframework.boot.web.servlet.ServletRegistrationBean - Mapping servlet: 'com.dms.devops.ApplicationConfig$JerseyConfig' to [/*]
2017-11-25 23:18:12.678 [localhost-startStop-1] INFO  org.springframework.boot.web.servlet.ServletRegistrationBean - Mapping servlet: 'dispatcherServlet' to [/]
2017-11-25 23:18:12.683 [localhost-startStop-1] INFO  org.springframework.boot.web.servlet.FilterRegistrationBean - Mapping filter: 'characterEncodingFilter' to: [/*]
2017-11-25 23:18:12.684 [localhost-startStop-1] INFO  org.springframework.boot.web.servlet.FilterRegistrationBean - Mapping filter: 'hiddenHttpMethodFilter' to: [/*]
2017-11-25 23:18:12.685 [localhost-startStop-1] INFO  org.springframework.boot.web.servlet.FilterRegistrationBean - Mapping filter: 'httpPutFormContentFilter' to: [/*]
2017-11-25 23:18:12.687 [localhost-startStop-1] INFO  org.springframework.boot.web.servlet.FilterRegistrationBean - Mapping filter: 'requestContextFilter' to: [/*]
2017-11-25 23:18:12.863 [main] INFO  org.springframework.web.servlet.mvc.method.annotation.RequestMappingHandlerAdapter - Looking for @ControllerAdvice: org.springframework.boot.context.embedded.AnnotationConfigEmbeddedWebApplicationContext@1e008f36: startup date [Sat Nov 25 23:18:11 BRT 2017]; root of context hierarchy
2017-11-25 23:18:12.879 [main] INFO  org.springframework.web.servlet.mvc.method.annotation.RequestMappingHandlerMapping - Mapped "{[/error]}" onto public org.springframework.http.ResponseEntity<java.util.Map<java.lang.String, java.lang.Object>> org.springframework.boot.autoconfigure.web.BasicErrorController.error(javax.servlet.http.HttpServletRequest)
2017-11-25 23:18:12.880 [main] INFO  org.springframework.web.servlet.mvc.method.annotation.RequestMappingHandlerMapping - Mapped "{[/error],produces=[text/html]}" onto public org.springframework.web.servlet.ModelAndView org.springframework.boot.autoconfigure.web.BasicErrorController.errorHtml(javax.servlet.http.HttpServletRequest,javax.servlet.http.HttpServletResponse)
2017-11-25 23:18:12.905 [main] INFO  org.springframework.web.servlet.handler.SimpleUrlHandlerMapping - Mapped URL path [/webjars/**] onto handler of type [class org.springframework.web.servlet.resource.ResourceHttpRequestHandler]
2017-11-25 23:18:12.906 [main] INFO  org.springframework.web.servlet.handler.SimpleUrlHandlerMapping - Mapped URL path [/**] onto handler of type [class org.springframework.web.servlet.resource.ResourceHttpRequestHandler]
2017-11-25 23:18:12.938 [main] INFO  org.springframework.web.servlet.handler.SimpleUrlHandlerMapping - Mapped URL path [/**/favicon.ico] onto handler of type [class org.springframework.web.servlet.resource.ResourceHttpRequestHandler]
2017-11-25 23:18:13.020 [main] INFO  org.apache.coyote.http11.Http11NioProtocol - Initializing ProtocolHandler ["http-nio-auto-1"]
2017-11-25 23:18:13.035 [main] INFO  org.apache.coyote.http11.Http11NioProtocol - Starting ProtocolHandler ["http-nio-auto-1"]
2017-11-25 23:18:13.045 [main] INFO  org.apache.tomcat.util.net.NioSelectorPool - Using a shared selector for servlet write/read
2017-11-25 23:18:13.066 [main] INFO  org.springframework.boot.context.embedded.tomcat.TomcatEmbeddedServletContainer - Tomcat started on port(s): 58326 (http)
2017-11-25 23:18:13.070 [main] INFO  com.dms.devops.HttpRequestTest - Started HttpRequestTest in 11.286 seconds (JVM running for 63.49)
2017-11-25 23:18:13.077 [main] INFO  com.dms.devops.rest.PedidoRestService - 

>>> MS_Orders: HttpRequestTest: testAddPedido:

2017-11-25 23:18:14.104 [http-nio-auto-1-exec-1] INFO  com.dms.devops.rest.PedidoRestService - 

>PedidoRestService: adicionaItemPedido: 

2017-11-25 23:18:14.106 [http-nio-auto-1-exec-1] INFO  com.dms.devops.rest.PedidoRestService - 

>O cliente 0 adicionou o produto 0 ao pedido 0

2017-11-25 23:18:14.148 [main] INFO  com.dms.devops.rest.PedidoRestService - 

>>> MS_Orders: HttpRequestTest: ./testAddPedido:
 OK. We were able to create a Pedido.

2017-11-25 23:18:14.154 [main] INFO  com.dms.devops.rest.PedidoRestService - 

>>> MS_Orders: HttpRequestTest: testGetPedidos:

2017-11-25 23:18:14.160 [http-nio-auto-1-exec-2] INFO  com.dms.devops.rest.PedidoRestService - 

>PedidoRestService: buscarPedidos: 

2017-11-25 23:18:14.165 [main] INFO  com.dms.devops.rest.PedidoRestService - 

>>> MS_Orders: HttpRequestTest: ./testGetPedidos:
 OK. We were able to get a list of Pedidos.

2017-11-25 23:18:14.170 [main] INFO  com.dms.devops.rest.PedidoRestService - 

>>> MS_Orders: HttpRequestTest: testGetPedidoByCliente:

2017-11-25 23:18:14.176 [http-nio-auto-1-exec-3] INFO  com.dms.devops.rest.PedidoRestService - 

>PedidoRestService: buscarPedidosPorCliente: 
0
2017-11-25 23:18:14.177 [http-nio-auto-1-exec-3] INFO  com.dms.devops.rest.PedidoRestService - 

>Cliente 0 possui 1 pedidos

2017-11-25 23:18:14.180 [main] INFO  com.dms.devops.rest.PedidoRestService - 

>>> MS_Orders: HttpRequestTest: ./testGetPedidoByCliente:
 OK. We got the Cliente's Pedidos.

2017-11-25 23:18:14.184 [main] INFO  com.dms.devops.rest.PedidoRestService - 

>>> MS_Orders: HttpRequestTest: testPayPedido

2017-11-25 23:18:14.189 [http-nio-auto-1-exec-4] INFO  com.dms.devops.rest.PedidoRestService - 

>PedidoRestService: pagaPedido: 

2017-11-25 23:18:14.190 [http-nio-auto-1-exec-4] INFO  com.dms.devops.rest.PedidoRestService - 

>Pedido 0 efetivado

2017-11-25 23:18:14.194 [main] INFO  com.dms.devops.rest.PedidoRestService - 

>>> MS_Orders: HttpRequestTest: ./testPayPedido
 OK. The status of the Pedido was updated to CONCLUIDO.
2017-11-25 23:18:14.198 [main] INFO  com.dms.devops.rest.PedidoRestService - 

>>> MS_Orders: HttpRequestTest: testCancelPedido

2017-11-25 23:18:14.203 [http-nio-auto-1-exec-5] INFO  com.dms.devops.rest.PedidoRestService - 

>PedidoRestService: cancelaPedido: 

2017-11-25 23:18:14.204 [http-nio-auto-1-exec-5] INFO  com.dms.devops.rest.PedidoRestService - 

>Pedido 0 cancelado

2017-11-25 23:18:14.207 [main] INFO  com.dms.devops.rest.PedidoRestService - 

>>> MS_Orders: HttpRequestTest: ./testCancelPedido
 OK. The status of the Pedido was updated to CANCELADO.
2017-11-25 23:18:14.211 [main] INFO  com.dms.devops.rest.PedidoRestService - 

>>> MS_Orders: HttpRequestTest: testRemoveItemPedido:

2017-11-25 23:18:14.219 [http-nio-auto-1-exec-6] INFO  com.dms.devops.rest.PedidoRestService - 

>PedidoRestService: removeItemPedido: 
0
2017-11-25 23:18:14.221 [http-nio-auto-1-exec-6] INFO  com.dms.devops.rest.PedidoRestService - 

>O cliente 0 removeu o produto 0 do pedido 0

2017-11-25 23:18:14.225 [main] INFO  com.dms.devops.rest.PedidoRestService - 

>>> MS_Orders: HttpRequestTest: ./testRemoveItemPedido:
 OK. We were able to remove an item from the Pedido.

2017-11-25 23:18:14.228 [main] INFO  org.springframework.boot.test.context.SpringBootTestContextBootstrapper - Neither @ContextConfiguration nor @ContextHierarchy found for test class [com.dms.devops.SmokeTest], using SpringBootContextLoader
2017-11-25 23:18:14.231 [main] INFO  org.springframework.test.context.support.AbstractContextLoader - Could not detect default resource locations for test class [com.dms.devops.SmokeTest]: no resource found for suffixes {-context.xml, Context.groovy}.
2017-11-25 23:18:14.231 [main] INFO  org.springframework.test.context.support.AnnotationConfigContextLoaderUtils - Could not detect default configuration classes for test class [com.dms.devops.SmokeTest]: SmokeTest does not declare any static, non-private, non-final, nested classes annotated with @Configuration.
2017-11-25 23:18:14.242 [main] INFO  org.springframework.boot.test.context.SpringBootTestContextBootstrapper - Found @SpringBootConfiguration com.dms.devops.Application for test class com.dms.devops.SmokeTest
2017-11-25 23:18:14.248 [main] INFO  org.springframework.boot.test.context.SpringBootTestContextBootstrapper - Loaded default TestExecutionListener class names from location [META-INF/spring.factories]: [org.springframework.boot.test.mock.mockito.MockitoTestExecutionListener, org.springframework.boot.test.mock.mockito.ResetMocksTestExecutionListener, org.springframework.boot.test.autoconfigure.restdocs.RestDocsTestExecutionListener, org.springframework.boot.test.autoconfigure.web.client.MockRestServiceServerResetTestExecutionListener, org.springframework.boot.test.autoconfigure.web.servlet.MockMvcPrintOnlyOnFailureTestExecutionListener, org.springframework.boot.test.autoconfigure.web.servlet.WebDriverTestExecutionListener, org.springframework.test.context.web.ServletTestExecutionListener, org.springframework.test.context.support.DirtiesContextBeforeModesTestExecutionListener, org.springframework.test.context.support.DependencyInjectionTestExecutionListener, org.springframework.test.context.support.DirtiesContextTestExecutionListener, org.springframework.test.context.transaction.TransactionalTestExecutionListener, org.springframework.test.context.jdbc.SqlScriptsTestExecutionListener]
2017-11-25 23:18:14.254 [main] INFO  org.springframework.boot.test.context.SpringBootTestContextBootstrapper - Could not instantiate TestExecutionListener [org.springframework.test.context.transaction.TransactionalTestExecutionListener]. Specify custom listener classes or make the default listener classes (and their required dependencies) available. Offending class: [org/springframework/transaction/interceptor/TransactionAttributeSource]
2017-11-25 23:18:14.256 [main] INFO  org.springframework.boot.test.context.SpringBootTestContextBootstrapper - Could not instantiate TestExecutionListener [org.springframework.test.context.jdbc.SqlScriptsTestExecutionListener]. Specify custom listener classes or make the default listener classes (and their required dependencies) available. Offending class: [org/springframework/transaction/interceptor/TransactionAttribute]
2017-11-25 23:18:14.259 [main] INFO  org.springframework.boot.test.context.SpringBootTestContextBootstrapper - Using TestExecutionListeners: [org.springframework.test.context.web.ServletTestExecutionListener@654c7d2d, org.springframework.test.context.support.DirtiesContextBeforeModesTestExecutionListener@26cb5207, org.springframework.boot.test.autoconfigure.SpringBootDependencyInjectionTestExecutionListener@15400fff, org.springframework.test.context.support.DirtiesContextTestExecutionListener@18d910b3, org.springframework.boot.test.mock.mockito.ResetMocksTestExecutionListener@1e7ab390, org.springframework.boot.test.autoconfigure.web.servlet.MockMvcPrintOnlyOnFailureTestExecutionListener@625d9132, org.springframework.boot.test.autoconfigure.web.servlet.WebDriverTestExecutionListener@77774571, org.springframework.boot.test.autoconfigure.restdocs.RestDocsTestExecutionListener@277b8fa4, org.springframework.boot.test.autoconfigure.web.client.MockRestServiceServerResetTestExecutionListener@6cd64ee8, org.springframework.boot.test.mock.mockito.MockitoTestExecutionListener@620c8641]
2017-11-25 23:18:14.324 [Thread-2] INFO  org.springframework.web.context.support.GenericWebApplicationContext - Closing org.springframework.web.context.support.GenericWebApplicationContext@68f1b17f: startup date [Sat Nov 25 23:17:59 BRT 2017]; root of context hierarchy
2017-11-25 23:18:14.324 [Thread-5] INFO  org.springframework.boot.context.embedded.AnnotationConfigEmbeddedWebApplicationContext - Closing org.springframework.boot.context.embedded.AnnotationConfigEmbeddedWebApplicationContext@1e008f36: startup date [Sat Nov 25 23:18:11 BRT 2017]; root of context hierarchy
